TN:
SF:src/Status.ts
FNF:0
FNH:0
DA:1,1
LF:1
LH:1
BRF:0
BRH:0
end_of_record
TN:
SF:src/app.ts
FNF:0
FNH:0
DA:1,1
DA:2,1
DA:3,1
DA:4,1
DA:6,1
DA:7,1
DA:8,1
DA:9,1
DA:11,1
DA:13,1
DA:14,1
DA:15,1
DA:16,1
DA:17,1
DA:18,1
DA:19,1
DA:21,1
DA:24,1
LF:18
LH:18
BRF:0
BRH:0
end_of_record
TN:
SF:src/index.ts
FN:8,(anonymous_1)
FNF:1
FNH:1
FNDA:1,(anonymous_1)
DA:1,1
DA:3,1
DA:5,1
DA:7,1
DA:8,1
DA:9,1
DA:12,1
DA:16,1
LF:8
LH:8
BRDA:3,0,0,1
BRDA:3,0,1,0
BRDA:7,1,0,1
BRDA:7,1,1,0
BRF:4
BRH:2
end_of_record
TN:
SF:src/PrismaClient/Prisma.ts
FNF:0
FNH:0
DA:1,1
DA:2,1
DA:4,1
LF:3
LH:3
BRF:0
BRH:0
end_of_record
TN:
SF:src/controllers/AlunosController.ts
FN:10,(anonymous_8)
FN:12,(anonymous_9)
FN:12,(anonymous_10)
FN:22,(anonymous_11)
FN:22,(anonymous_12)
FN:38,(anonymous_13)
FN:38,(anonymous_14)
FN:51,(anonymous_15)
FN:51,(anonymous_16)
FN:64,(anonymous_17)
FN:64,(anonymous_18)
FNF:11
FNH:5
FNDA:1,(anonymous_8)
FNDA:0,(anonymous_9)
FNDA:0,(anonymous_10)
FNDA:2,(anonymous_11)
FNDA:2,(anonymous_12)
FNDA:0,(anonymous_13)
FNDA:0,(anonymous_14)
FNDA:0,(anonymous_15)
FNDA:0,(anonymous_16)
FNDA:1,(anonymous_17)
FNDA:1,(anonymous_18)
DA:2,1
DA:3,1
DA:10,1
DA:12,1
DA:13,0
DA:14,0
DA:15,0
DA:17,0
DA:22,2
DA:23,2
DA:24,2
DA:25,2
DA:26,2
DA:27,1
DA:29,1
DA:32,0
DA:38,1
DA:39,0
DA:40,0
DA:41,0
DA:42,0
DA:43,0
DA:45,0
DA:51,1
DA:52,0
DA:53,0
DA:54,0
DA:55,0
DA:57,0
DA:64,1
DA:65,1
DA:66,1
DA:67,1
DA:69,0
DA:75,1
LF:35
LH:18
BRDA:10,0,0,1
BRDA:26,1,0,1
BRDA:26,1,1,1
BRF:3
BRH:3
end_of_record
TN:
SF:src/controllers/DiretorController.ts
FN:9,(anonymous_8)
FN:11,(anonymous_9)
FN:11,(anonymous_10)
FN:21,(anonymous_11)
FN:21,(anonymous_12)
FN:32,(anonymous_13)
FN:32,(anonymous_14)
FN:45,(anonymous_15)
FN:45,(anonymous_16)
FN:56,(anonymous_17)
FN:56,(anonymous_18)
FNF:11
FNH:5
FNDA:1,(anonymous_8)
FNDA:1,(anonymous_9)
FNDA:1,(anonymous_10)
FNDA:2,(anonymous_11)
FNDA:2,(anonymous_12)
FNDA:0,(anonymous_13)
FNDA:0,(anonymous_14)
FNDA:0,(anonymous_15)
FNDA:0,(anonymous_16)
FNDA:0,(anonymous_17)
FNDA:0,(anonymous_18)
DA:2,1
DA:4,1
DA:9,1
DA:11,1
DA:12,1
DA:13,1
DA:14,1
DA:16,0
DA:21,2
DA:22,2
DA:23,2
DA:24,2
DA:25,2
DA:27,0
DA:32,1
DA:33,0
DA:34,0
DA:35,0
DA:36,0
DA:37,0
DA:39,0
DA:45,1
DA:46,0
DA:47,0
DA:48,0
DA:49,0
DA:51,0
DA:56,1
DA:57,0
DA:58,0
DA:59,0
DA:60,0
DA:62,0
DA:68,1
LF:34
LH:16
BRDA:9,0,0,1
BRF:1
BRH:1
end_of_record
TN:
SF:src/controllers/NotasController.ts
FN:9,(anonymous_8)
FN:12,(anonymous_9)
FN:12,(anonymous_10)
FN:22,(anonymous_11)
FN:22,(anonymous_12)
FN:37,(anonymous_13)
FN:37,(anonymous_14)
FN:49,(anonymous_15)
FN:49,(anonymous_16)
FN:60,(anonymous_17)
FN:60,(anonymous_18)
FNF:11
FNH:5
FNDA:1,(anonymous_8)
FNDA:1,(anonymous_9)
FNDA:1,(anonymous_10)
FNDA:2,(anonymous_11)
FNDA:2,(anonymous_12)
FNDA:0,(anonymous_13)
FNDA:0,(anonymous_14)
FNDA:0,(anonymous_15)
FNDA:0,(anonymous_16)
FNDA:0,(anonymous_17)
FNDA:0,(anonymous_18)
DA:2,1
DA:4,1
DA:9,1
DA:12,1
DA:13,1
DA:14,1
DA:15,1
DA:17,0
DA:22,2
DA:23,2
DA:24,2
DA:25,2
DA:26,2
DA:27,1
DA:29,1
DA:32,0
DA:37,1
DA:38,0
DA:39,0
DA:40,0
DA:41,0
DA:42,0
DA:44,0
DA:49,1
DA:50,0
DA:51,0
DA:52,0
DA:53,0
DA:55,0
DA:60,1
DA:61,0
DA:62,0
DA:63,0
DA:64,0
DA:66,0
DA:72,1
LF:36
LH:18
BRDA:9,0,0,1
BRDA:26,1,0,1
BRDA:26,1,1,1
BRF:3
BRH:3
end_of_record
TN:
SF:src/controllers/ProfessorController.ts
FN:8,(anonymous_8)
FN:10,(anonymous_9)
FN:10,(anonymous_10)
FN:20,(anonymous_11)
FN:20,(anonymous_12)
FN:30,(anonymous_13)
FN:30,(anonymous_14)
FN:47,(anonymous_15)
FN:47,(anonymous_16)
FN:68,(anonymous_17)
FN:68,(anonymous_18)
FNF:11
FNH:7
FNDA:1,(anonymous_8)
FNDA:0,(anonymous_9)
FNDA:0,(anonymous_10)
FNDA:1,(anonymous_11)
FNDA:1,(anonymous_12)
FNDA:2,(anonymous_13)
FNDA:2,(anonymous_14)
FNDA:0,(anonymous_15)
FNDA:0,(anonymous_16)
FNDA:1,(anonymous_17)
FNDA:1,(anonymous_18)
DA:2,1
DA:3,1
DA:8,1
DA:10,1
DA:12,0
DA:13,0
DA:14,0
DA:16,0
DA:20,1
DA:21,1
DA:22,1
DA:24,1
DA:26,0
DA:30,2
DA:33,2
DA:34,2
DA:35,2
DA:37,2
DA:38,1
DA:40,1
DA:43,0
DA:47,1
DA:51,0
DA:52,0
DA:53,0
DA:54,0
DA:56,0
DA:57,0
DA:59,0
DA:62,0
DA:68,1
DA:70,1
DA:71,1
DA:72,1
DA:73,0
DA:74,0
DA:76,0
DA:78,1
DA:83,1
LF:39
LH:22
BRDA:8,0,0,1
BRDA:37,1,0,1
BRDA:37,1,1,1
BRDA:56,2,0,0
BRDA:56,2,1,0
BRDA:73,3,0,0
BRDA:73,3,1,0
BRF:7
BRH:3
end_of_record
TN:
SF:src/middlewares/validate-aluno.ts
FN:4,(anonymous_0)
FN:13,(anonymous_1)
FN:24,(anonymous_2)
FNF:3
FNH:1
FNDA:0,(anonymous_0)
FNDA:3,(anonymous_1)
FNDA:0,(anonymous_2)
DA:2,1
DA:4,1
DA:5,0
DA:6,0
DA:7,0
DA:9,0
DA:13,1
DA:14,3
DA:15,3
DA:16,0
DA:17,3
DA:18,1
DA:20,2
DA:24,1
DA:25,0
DA:26,0
DA:27,0
DA:29,0
LF:18
LH:9
BRDA:6,0,0,0
BRDA:6,0,1,0
BRDA:6,1,0,0
BRDA:6,1,1,0
BRDA:6,1,2,0
BRDA:6,1,3,0
BRDA:6,1,4,0
BRDA:6,1,5,0
BRDA:15,2,0,0
BRDA:15,2,1,3
BRDA:17,3,0,1
BRDA:17,3,1,2
BRDA:26,4,0,0
BRDA:26,4,1,0
BRDA:26,5,0,0
BRDA:26,5,1,0
BRDA:26,5,2,0
BRF:17
BRH:3
end_of_record
TN:
SF:src/middlewares/validate-diretor.ts
FN:4,(anonymous_0)
FN:15,(anonymous_1)
FN:24,(anonymous_2)
FNF:3
FNH:1
FNDA:3,(anonymous_0)
FNDA:0,(anonymous_1)
FNDA:0,(anonymous_2)
DA:2,1
DA:4,1
DA:5,3
DA:6,3
DA:7,0
DA:8,3
DA:9,1
DA:11,2
DA:15,1
DA:16,0
DA:17,0
DA:18,0
DA:20,0
DA:24,1
DA:25,0
DA:26,0
DA:27,0
DA:29,0
LF:18
LH:9
BRDA:6,0,0,0
BRDA:6,0,1,3
BRDA:8,1,0,1
BRDA:8,1,1,2
BRDA:17,2,0,0
BRDA:17,2,1,0
BRDA:17,3,0,0
BRDA:17,3,1,0
BRDA:17,3,2,0
BRDA:17,3,3,0
BRDA:26,4,0,0
BRDA:26,4,1,0
BRDA:26,5,0,0
BRDA:26,5,1,0
BRF:14
BRH:3
end_of_record
TN:
SF:src/middlewares/validate-nota.ts
FN:4,(anonymous_0)
FN:13,(anonymous_1)
FN:22,(anonymous_2)
FNF:3
FNH:1
FNDA:0,(anonymous_0)
FNDA:3,(anonymous_1)
FNDA:0,(anonymous_2)
DA:2,1
DA:4,1
DA:5,0
DA:6,0
DA:7,0
DA:9,0
DA:13,1
DA:14,3
DA:15,3
DA:16,1
DA:18,2
DA:22,1
DA:23,0
DA:24,0
DA:25,0
DA:27,0
LF:16
LH:8
BRDA:6,0,0,0
BRDA:6,0,1,0
BRDA:6,1,0,0
BRDA:6,1,1,0
BRDA:6,1,2,0
BRDA:15,2,0,1
BRDA:15,2,1,2
BRDA:15,3,0,3
BRDA:15,3,1,3
BRDA:24,4,0,0
BRDA:24,4,1,0
BRDA:24,5,0,0
BRDA:24,5,1,0
BRDA:24,5,2,0
BRF:14
BRH:4
end_of_record
TN:
SF:src/middlewares/validate-professor.ts
FN:5,(anonymous_0)
FN:14,(anonymous_1)
FN:25,(anonymous_2)
FNF:3
FNH:1
FNDA:0,(anonymous_0)
FNDA:5,(anonymous_1)
FNDA:0,(anonymous_2)
DA:2,1
DA:5,1
DA:6,0
DA:7,0
DA:8,0
DA:10,0
DA:14,1
DA:15,5
DA:16,5
DA:17,0
DA:18,5
DA:19,2
DA:21,3
DA:25,1
DA:26,0
DA:27,0
DA:28,0
DA:30,0
LF:18
LH:9
BRDA:7,0,0,0
BRDA:7,0,1,0
BRDA:7,1,0,0
BRDA:7,1,1,0
BRDA:7,1,2,0
BRDA:7,1,3,0
BRDA:7,1,4,0
BRDA:7,1,5,0
BRDA:16,2,0,0
BRDA:16,2,1,5
BRDA:18,3,0,2
BRDA:18,3,1,3
BRDA:27,4,0,0
BRDA:27,4,1,0
BRDA:27,5,0,0
BRDA:27,5,1,0
BRDA:27,5,2,0
BRDA:27,5,3,0
BRF:18
BRH:3
end_of_record
TN:
SF:src/models/Alunos.ts
FN:9,(anonymous_8)
FN:11,(anonymous_9)
FN:11,(anonymous_10)
FN:26,(anonymous_11)
FN:26,(anonymous_12)
FN:51,(anonymous_13)
FN:51,(anonymous_14)
FN:68,(anonymous_15)
FN:68,(anonymous_16)
FN:91,(anonymous_17)
FN:91,(anonymous_18)
FNF:11
FNH:5
FNDA:1,(anonymous_8)
FNDA:1,(anonymous_9)
FNDA:1,(anonymous_10)
FNDA:0,(anonymous_11)
FNDA:0,(anonymous_12)
FNDA:2,(anonymous_13)
FNDA:2,(anonymous_14)
FNDA:0,(anonymous_15)
FNDA:0,(anonymous_16)
FNDA:0,(anonymous_17)
FNDA:0,(anonymous_18)
DA:1,1
DA:3,1
DA:7,1
DA:9,1
DA:11,1
DA:12,1
DA:23,1
DA:26,1
DA:27,0
DA:28,0
DA:29,0
DA:31,0
DA:46,0
DA:51,2
DA:52,2
DA:65,2
DA:68,1
DA:69,0
DA:70,0
DA:71,0
DA:85,0
DA:87,0
DA:91,1
DA:92,0
DA:93,0
DA:94,0
DA:96,0
DA:102,0
DA:108,1
LF:29
LH:14
BRDA:9,0,0,1
BRDA:28,1,0,0
BRDA:28,1,1,0
BRDA:70,2,0,0
BRDA:70,2,1,0
BRDA:93,3,0,0
BRDA:93,3,1,0
BRF:7
BRH:1
end_of_record
TN:
SF:src/models/Diretor.ts
FN:6,(anonymous_8)
FN:8,(anonymous_9)
FN:8,(anonymous_10)
FN:21,(anonymous_11)
FN:21,(anonymous_12)
FN:39,(anonymous_13)
FN:39,(anonymous_14)
FN:55,(anonymous_15)
FN:55,(anonymous_16)
FN:78,(anonymous_17)
FN:78,(anonymous_18)
FNF:11
FNH:5
FNDA:1,(anonymous_8)
FNDA:1,(anonymous_9)
FNDA:1,(anonymous_10)
FNDA:0,(anonymous_11)
FNDA:0,(anonymous_12)
FNDA:2,(anonymous_13)
FNDA:2,(anonymous_14)
FNDA:0,(anonymous_15)
FNDA:0,(anonymous_16)
FNDA:0,(anonymous_17)
FNDA:0,(anonymous_18)
DA:1,1
DA:6,1
DA:8,1
DA:9,1
DA:18,1
DA:21,1
DA:22,0
DA:36,0
DA:39,2
DA:41,2
DA:52,2
DA:55,1
DA:56,0
DA:57,0
DA:58,0
DA:60,0
DA:74,0
DA:78,1
DA:79,0
DA:80,0
DA:81,0
DA:83,0
DA:87,0
DA:93,1
LF:24
LH:12
BRDA:6,0,0,1
BRDA:57,1,0,0
BRDA:57,1,1,0
BRDA:80,2,0,0
BRDA:80,2,1,0
BRF:5
BRH:1
end_of_record
TN:
SF:src/models/Notas.ts
FN:6,(anonymous_8)
FN:8,(anonymous_9)
FN:8,(anonymous_10)
FN:21,(anonymous_11)
FN:21,(anonymous_12)
FN:41,(anonymous_13)
FN:41,(anonymous_14)
FN:56,(anonymous_15)
FN:56,(anonymous_16)
FN:79,(anonymous_17)
FN:79,(anonymous_18)
FNF:11
FNH:5
FNDA:1,(anonymous_8)
FNDA:1,(anonymous_9)
FNDA:1,(anonymous_10)
FNDA:0,(anonymous_11)
FNDA:0,(anonymous_12)
FNDA:2,(anonymous_13)
FNDA:2,(anonymous_14)
FNDA:0,(anonymous_15)
FNDA:0,(anonymous_16)
FNDA:0,(anonymous_17)
FNDA:0,(anonymous_18)
DA:1,1
DA:6,1
DA:8,1
DA:9,1
DA:18,1
DA:21,1
DA:23,0
DA:38,0
DA:41,2
DA:42,2
DA:53,2
DA:56,1
DA:57,0
DA:58,0
DA:59,0
DA:72,0
DA:74,0
DA:79,1
DA:80,0
DA:81,0
DA:82,0
DA:84,0
DA:87,0
DA:92,1
LF:24
LH:12
BRDA:6,0,0,1
BRDA:58,1,0,0
BRDA:58,1,1,0
BRDA:81,2,0,0
BRDA:81,2,1,0
BRF:5
BRH:1
end_of_record
TN:
SF:src/models/Professores.ts
FN:6,(anonymous_8)
FN:9,(anonymous_9)
FN:9,(anonymous_10)
FN:24,(anonymous_11)
FN:24,(anonymous_12)
FN:44,(anonymous_13)
FN:44,(anonymous_14)
FN:61,(anonymous_15)
FN:61,(anonymous_16)
FN:86,(anonymous_17)
FN:86,(anonymous_18)
FNF:11
FNH:7
FNDA:2,(anonymous_8)
FNDA:1,(anonymous_9)
FNDA:1,(anonymous_10)
FNDA:0,(anonymous_11)
FNDA:0,(anonymous_12)
FNDA:3,(anonymous_13)
FNDA:3,(anonymous_14)
FNDA:0,(anonymous_15)
FNDA:0,(anonymous_16)
FNDA:1,(anonymous_17)
FNDA:1,(anonymous_18)
DA:1,1
DA:6,2
DA:9,2
DA:10,1
DA:21,1
DA:24,2
DA:25,0
DA:41,0
DA:44,3
DA:45,3
DA:58,3
DA:61,2
DA:62,0
DA:63,0
DA:64,0
DA:80,0
DA:82,0
DA:86,2
DA:87,1
DA:88,1
DA:89,0
DA:91,1
DA:97,0
DA:104,1
LF:24
LH:15
BRDA:6,0,0,2
BRDA:63,1,0,0
BRDA:63,1,1,0
BRDA:88,2,0,0
BRDA:88,2,1,1
BRF:5
BRH:2
end_of_record
TN:
SF:src/routes/routeAlunos.ts
FNF:0
FNH:0
DA:1,1
DA:2,1
DA:3,1
DA:5,1
DA:7,1
DA:10,1
DA:11,1
DA:12,1
DA:13,1
DA:14,1
DA:18,1
LF:11
LH:11
BRF:0
BRH:0
end_of_record
TN:
SF:src/routes/routeDiretor.ts
FNF:0
FNH:0
DA:1,1
DA:2,1
DA:3,1
DA:5,1
DA:7,1
DA:9,1
DA:10,1
DA:11,1
DA:12,1
DA:13,1
DA:15,1
LF:11
LH:11
BRF:0
BRH:0
end_of_record
TN:
SF:src/routes/routeNotas.ts
FNF:0
FNH:0
DA:1,1
DA:2,1
DA:3,1
DA:5,1
DA:7,1
DA:9,1
DA:10,1
DA:11,1
DA:12,1
DA:13,1
DA:16,1
LF:11
LH:11
BRF:0
BRH:0
end_of_record
TN:
SF:src/routes/routeProfessor.ts
FNF:0
FNH:0
DA:1,1
DA:2,1
DA:3,1
DA:5,1
DA:7,1
DA:9,1
DA:10,1
DA:11,1
DA:12,1
DA:13,1
DA:16,1
LF:11
LH:11
BRF:0
BRH:0
end_of_record
