{"/home/reinaldo/school/back-escola-prisma/src/index.ts":{"path":"/home/reinaldo/school/back-escola-prisma/src/index.ts","statementMap":{"0":{"start":{"line":2,"column":22},"end":{"line":4,"column":1}},"1":{"start":{"line":3,"column":4},"end":{"line":3,"column":62}},"2":{"start":{"line":5,"column":0},"end":{"line":5,"column":62}},"3":{"start":{"line":6,"column":14},"end":{"line":6,"column":47}},"4":{"start":{"line":7,"column":13},"end":{"line":7,"column":37}},"5":{"start":{"line":8,"column":20},"end":{"line":8,"column":25}},"6":{"start":{"line":9,"column":0},"end":{"line":14,"column":1}},"7":{"start":{"line":10,"column":4},"end":{"line":12,"column":7}},"8":{"start":{"line":11,"column":8},"end":{"line":11,"column":50}},"9":{"start":{"line":13,"column":4},"end":{"line":13,"column":25}},"10":{"start":{"line":15,"column":0},"end":{"line":15,"column":32}}},"fnMap":{"0":{"name":"(anonymous_0)","decl":{"start":{"line":2,"column":56},"end":{"line":2,"column":57}},"loc":{"start":{"line":2,"column":71},"end":{"line":4,"column":1}},"line":2},"1":{"name":"(anonymous_1)","decl":{"start":{"line":10,"column":31},"end":{"line":10,"column":32}},"loc":{"start":{"line":10,"column":37},"end":{"line":12,"column":5}},"line":10}},"branchMap":{"0":{"loc":{"start":{"line":2,"column":22},"end":{"line":4,"column":1}},"type":"binary-expr","locations":[{"start":{"line":2,"column":23},"end":{"line":2,"column":27}},{"start":{"line":2,"column":31},"end":{"line":2,"column":51}},{"start":{"line":2,"column":56},"end":{"line":4,"column":1}}],"line":2},"1":{"loc":{"start":{"line":3,"column":11},"end":{"line":3,"column":61}},"type":"cond-expr","locations":[{"start":{"line":3,"column":37},"end":{"line":3,"column":40}},{"start":{"line":3,"column":43},"end":{"line":3,"column":61}}],"line":3},"2":{"loc":{"start":{"line":3,"column":12},"end":{"line":3,"column":33}},"type":"binary-expr","locations":[{"start":{"line":3,"column":12},"end":{"line":3,"column":15}},{"start":{"line":3,"column":19},"end":{"line":3,"column":33}}],"line":3},"3":{"loc":{"start":{"line":7,"column":13},"end":{"line":7,"column":37}},"type":"binary-expr","locations":[{"start":{"line":7,"column":13},"end":{"line":7,"column":29}},{"start":{"line":7,"column":33},"end":{"line":7,"column":37}}],"line":7},"4":{"loc":{"start":{"line":9,"column":0},"end":{"line":14,"column":1}},"type":"if","locations":[{"start":{"line":9,"column":0},"end":{"line":14,"column":1}},{"start":{"line":9,"column":0},"end":{"line":14,"column":1}}],"line":9}},"s":{"0":1,"1":1,"2":1,"3":1,"4":1,"5":1,"6":1,"7":1,"8":0,"9":1,"10":1},"f":{"0":1,"1":0},"b":{"0":[1,1,1],"1":[1,0],"2":[1,1],"3":[1,0],"4":[1,0]},"inputSourceMap":{"version":3,"file":"/home/reinaldo/school/back-escola-prisma/src/index.ts","sources":["/home/reinaldo/school/back-escola-prisma/src/index.ts"],"names":[],"mappings":";;;;;AAAA,gDAAuB;AAEvB,MAAM,IAAI,GAAG,OAAO,CAAC,GAAG,CAAC,IAAI,IAAI,IAAI,CAAC;AAEtC,IAAI,aAAa,GAAG,KAAK,CAAC;AAE1B,IAAI,CAAC,aAAa,EAAE;IAClB,aAAG,CAAC,MAAM,CAAC,IAAI,EAAE,GAAG,EAAE;QACpB,OAAO,CAAC,GAAG,CAAC,sBAAsB,IAAI,EAAE,CAAC,CAAC;IAC5C,CAAC,CAAC,CAAC;IAEH,aAAa,GAAG,IAAI,CAAC;CACtB;AAGD,kBAAe,aAAG,CAAC","sourcesContent":["import App from './app'\n\nconst PORT = process.env.PORT || 3000; \n\nlet serverStarted = false;\n\nif (!serverStarted) {\n  App.listen(PORT, () => {\n    console.log(`listening on port: ${PORT}`);\n  });\n\n  serverStarted = true;\n}\n\n\nexport default App;"]},"_coverageSchema":"1a1c01bbd47fc00a2c39e90264f33305004495a9","hash":"6305d373bc34f176c81e3eea393414378611f6c5","contentHash":"1e532750f431b0f3afaaf72587e02c83405e68ef5b8e127b926745a425e59eba"},"/home/reinaldo/school/back-escola-prisma/src/app.ts":{"path":"/home/reinaldo/school/back-escola-prisma/src/app.ts","statementMap":{"0":{"start":{"line":2,"column":22},"end":{"line":4,"column":1}},"1":{"start":{"line":3,"column":4},"end":{"line":3,"column":62}},"2":{"start":{"line":5,"column":0},"end":{"line":5,"column":62}},"3":{"start":{"line":6,"column":16},"end":{"line":6,"column":34}},"4":{"start":{"line":7,"column":15},"end":{"line":7,"column":32}},"5":{"start":{"line":8,"column":13},"end":{"line":8,"column":28}},"6":{"start":{"line":9,"column":0},"end":{"line":9,"column":16}},"7":{"start":{"line":10,"column":25},"end":{"line":10,"column":76}},"8":{"start":{"line":11,"column":22},"end":{"line":11,"column":70}},"9":{"start":{"line":12,"column":21},"end":{"line":12,"column":68}},"10":{"start":{"line":13,"column":23},"end":{"line":13,"column":72}},"11":{"start":{"line":14,"column":22},"end":{"line":14,"column":61}},"12":{"start":{"line":15,"column":12},"end":{"line":15,"column":21}},"13":{"start":{"line":16,"column":0},"end":{"line":16,"column":24}},"14":{"start":{"line":17,"column":0},"end":{"line":17,"column":16}},"15":{"start":{"line":18,"column":0},"end":{"line":18,"column":34}},"16":{"start":{"line":19,"column":0},"end":{"line":19,"column":31}},"17":{"start":{"line":20,"column":0},"end":{"line":20,"column":30}},"18":{"start":{"line":21,"column":0},"end":{"line":21,"column":32}},"19":{"start":{"line":22,"column":0},"end":{"line":22,"column":62}},"20":{"start":{"line":23,"column":0},"end":{"line":23,"column":22}}},"fnMap":{"0":{"name":"(anonymous_0)","decl":{"start":{"line":2,"column":56},"end":{"line":2,"column":57}},"loc":{"start":{"line":2,"column":71},"end":{"line":4,"column":1}},"line":2}},"branchMap":{"0":{"loc":{"start":{"line":2,"column":22},"end":{"line":4,"column":1}},"type":"binary-expr","locations":[{"start":{"line":2,"column":23},"end":{"line":2,"column":27}},{"start":{"line":2,"column":31},"end":{"line":2,"column":51}},{"start":{"line":2,"column":56},"end":{"line":4,"column":1}}],"line":2},"1":{"loc":{"start":{"line":3,"column":11},"end":{"line":3,"column":61}},"type":"cond-expr","locations":[{"start":{"line":3,"column":37},"end":{"line":3,"column":40}},{"start":{"line":3,"column":43},"end":{"line":3,"column":61}}],"line":3},"2":{"loc":{"start":{"line":3,"column":12},"end":{"line":3,"column":33}},"type":"binary-expr","locations":[{"start":{"line":3,"column":12},"end":{"line":3,"column":15}},{"start":{"line":3,"column":19},"end":{"line":3,"column":33}}],"line":3}},"s":{"0":1,"1":5,"2":1,"3":1,"4":1,"5":1,"6":1,"7":1,"8":1,"9":1,"10":1,"11":1,"12":1,"13":1,"14":1,"15":1,"16":1,"17":1,"18":1,"19":1,"20":1},"f":{"0":5},"b":{"0":[1,1,1],"1":[4,1],"2":[5,5]},"inputSourceMap":{"version":3,"file":"/home/reinaldo/school/back-escola-prisma/src/app.ts","sources":["/home/reinaldo/school/back-escola-prisma/src/app.ts"],"names":[],"mappings":";;;;;AAAA,MAAM,OAAO,GAAG,OAAO,CAAC,SAAS,CAAC,CAAC;AACnC,MAAM,MAAM,GAAG,OAAO,CAAC,QAAQ,CAAC,CAAC;AACjC,MAAM,IAAI,GAAG,OAAO,CAAC,MAAM,CAAC,CAAC;AAC7B,MAAM,CAAC,MAAM,EAAE,CAAA;AAEf,6EAAqD;AACrD,uEAA8C;AAC9C,qEAA4C;AAC5C,yEAAiD;AAEjD,8DAAqC;AAErC,MAAM,GAAG,GAAG,OAAO,EAAE,CAAC;AACtB,GAAG,CAAC,GAAG,CAAC,OAAO,CAAC,IAAI,EAAE,CAAC,CAAC;AACxB,GAAG,CAAC,GAAG,CAAC,IAAI,EAAE,CAAC,CAAA;AACf,GAAG,CAAC,GAAG,CAAC,wBAAc,CAAC,CAAA;AACvB,GAAG,CAAC,GAAG,CAAC,qBAAU,CAAC,CAAC;AACpB,GAAG,CAAC,GAAG,CAAC,oBAAS,CAAC,CAAC;AACnB,GAAG,CAAC,GAAG,CAAC,sBAAY,CAAC,CAAC;AAEtB,GAAG,CAAC,GAAG,CAAC,qBAAU,CAAC,UAAU,CAAC,EAAE,QAAQ,EAAE,IAAI,EAAE,CAAC,CAAC,CAAC;AAGnD,kBAAe,GAAG,CAAC","sourcesContent":["const express = require('express');\nconst dotenv = require('dotenv');\nconst cors = require('cors');\ndotenv.config()\n\nimport routeProfessor from \"./routes/routeProfessor\";\nimport routeAluno from \"./routes/routeAlunos\";\nimport routeNota from \"./routes/routeNotas\";\nimport routeDiretor from \"./routes/routeDiretor\";\n\nimport bodyParser from 'body-parser';\n\nconst app = express(); \napp.use(express.json());\napp.use(cors())\napp.use(routeProfessor)\napp.use(routeAluno);\napp.use(routeNota);\napp.use(routeDiretor);\n\napp.use(bodyParser.urlencoded({ extended: true }));\n\n\nexport default app;"]},"_coverageSchema":"1a1c01bbd47fc00a2c39e90264f33305004495a9","hash":"10f1237093053ecb470484bbe3e55d47c0811f4d","contentHash":"3cc5bf19462486c4538fd3e406798ae60daeab0999717481a1d436a742d33dc1"},"/home/reinaldo/school/back-escola-prisma/src/routes/routeProfessor.ts":{"path":"/home/reinaldo/school/back-escola-prisma/src/routes/routeProfessor.ts","statementMap":{"0":{"start":{"line":2,"column":22},"end":{"line":4,"column":1}},"1":{"start":{"line":3,"column":4},"end":{"line":3,"column":62}},"2":{"start":{"line":5,"column":0},"end":{"line":5,"column":62}},"3":{"start":{"line":6,"column":30},"end":{"line":6,"column":92}},"4":{"start":{"line":7,"column":18},"end":{"line":7,"column":36}},"5":{"start":{"line":8,"column":29},"end":{"line":8,"column":73}},"6":{"start":{"line":9,"column":18},"end":{"line":9,"column":53}},"7":{"start":{"line":10,"column":23},"end":{"line":10,"column":46}},"8":{"start":{"line":11,"column":0},"end":{"line":11,"column":101}},"9":{"start":{"line":12,"column":0},"end":{"line":12,"column":63}},"10":{"start":{"line":13,"column":0},"end":{"line":13,"column":108}},"11":{"start":{"line":14,"column":0},"end":{"line":14,"column":146}},"12":{"start":{"line":15,"column":0},"end":{"line":15,"column":110}},"13":{"start":{"line":16,"column":0},"end":{"line":16,"column":33}}},"fnMap":{"0":{"name":"(anonymous_0)","decl":{"start":{"line":2,"column":56},"end":{"line":2,"column":57}},"loc":{"start":{"line":2,"column":71},"end":{"line":4,"column":1}},"line":2}},"branchMap":{"0":{"loc":{"start":{"line":2,"column":22},"end":{"line":4,"column":1}},"type":"binary-expr","locations":[{"start":{"line":2,"column":23},"end":{"line":2,"column":27}},{"start":{"line":2,"column":31},"end":{"line":2,"column":51}},{"start":{"line":2,"column":56},"end":{"line":4,"column":1}}],"line":2},"1":{"loc":{"start":{"line":3,"column":11},"end":{"line":3,"column":61}},"type":"cond-expr","locations":[{"start":{"line":3,"column":37},"end":{"line":3,"column":40}},{"start":{"line":3,"column":43},"end":{"line":3,"column":61}}],"line":3},"2":{"loc":{"start":{"line":3,"column":12},"end":{"line":3,"column":33}},"type":"binary-expr","locations":[{"start":{"line":3,"column":12},"end":{"line":3,"column":15}},{"start":{"line":3,"column":19},"end":{"line":3,"column":33}}],"line":3}},"s":{"0":1,"1":1,"2":1,"3":1,"4":1,"5":1,"6":1,"7":1,"8":1,"9":1,"10":1,"11":1,"12":1,"13":1},"f":{"0":1},"b":{"0":[1,1,1],"1":[1,0],"2":[1,1]},"inputSourceMap":{"version":3,"file":"/home/reinaldo/school/back-escola-prisma/src/routes/routeProfessor.ts","sources":["/home/reinaldo/school/back-escola-prisma/src/routes/routeProfessor.ts"],"names":[],"mappings":";;;;;AAAA,6FAAqE;AACrE,qCAAiC;AACjC,0EAAqG;AAErG,MAAM,SAAS,GAAG,IAAI,6BAAmB,EAAE,CAAC;AAE5C,MAAM,cAAc,GAAG,IAAA,gBAAM,GAAE,CAAC;AAEhC,cAAc,CAAC,IAAI,CAAC,gBAAgB,EAAE,kCAAa,EAAE,SAAS,CAAC,eAAe,CAAC,CAAC;AAChF,cAAc,CAAC,GAAG,CAAC,gBAAgB,EAAE,SAAS,CAAC,cAAc,CAAC,CAAC;AAC/D,cAAc,CAAC,GAAG,CAAC,oBAAoB,EAAE,qCAAgB,EAAE,SAAS,CAAC,gBAAgB,CAAC,CAAC;AACvF,cAAc,CAAC,GAAG,CAAC,oBAAoB,EAAE,qCAAgB,EAAE,qCAAgB,EAAE,SAAS,CAAC,eAAe,CAAC,CAAC;AACxG,cAAc,CAAC,MAAM,CAAC,oBAAoB,EAAE,qCAAgB,EAAE,SAAS,CAAC,eAAe,CAAC,CAAC;AAGzF,kBAAe,cAAc,CAAC","sourcesContent":["import ProfessorController from \"../controllers/ProfessorController\";\nimport { Router } from \"express\";\nimport { errorResponse, errorIdProfessor, errorResponsePut } from \"../middlewares/validate-professor\"\n\nconst professor = new ProfessorController();\n\nconst routeProfessor = Router();\n\nrouteProfessor.post('/api/professor', errorResponse, professor.createProfessor);\nrouteProfessor.get('/api/professor', professor.getProfessores);\nrouteProfessor.get('/api/professor/:id', errorIdProfessor, professor.getProfessorById);\nrouteProfessor.put('/api/professor/:id', errorIdProfessor, errorResponsePut, professor.updateProfessor);\nrouteProfessor.delete('/api/professor/:id', errorIdProfessor, professor.deleteProfessor);\n\n\nexport default routeProfessor;"]},"_coverageSchema":"1a1c01bbd47fc00a2c39e90264f33305004495a9","hash":"bfc951bea2e0fa3498ef407f17f10b4afa4dd07a","contentHash":"416da8616e37010cd167bd905ffa6a7563c5d6a9c195eef71474f31e855a3d29"},"/home/reinaldo/school/back-escola-prisma/src/controllers/ProfessorController.ts":{"path":"/home/reinaldo/school/back-escola-prisma/src/controllers/ProfessorController.ts","statementMap":{"0":{"start":{"line":2,"column":16},"end":{"line":10,"column":1}},"1":{"start":{"line":3,"column":28},"end":{"line":3,"column":110}},"2":{"start":{"line":3,"column":91},"end":{"line":3,"column":106}},"3":{"start":{"line":4,"column":4},"end":{"line":9,"column":7}},"4":{"start":{"line":5,"column":36},"end":{"line":5,"column":97}},"5":{"start":{"line":5,"column":42},"end":{"line":5,"column":70}},"6":{"start":{"line":5,"column":85},"end":{"line":5,"column":95}},"7":{"start":{"line":6,"column":35},"end":{"line":6,"column":100}},"8":{"start":{"line":6,"column":41},"end":{"line":6,"column":73}},"9":{"start":{"line":6,"column":88},"end":{"line":6,"column":98}},"10":{"start":{"line":7,"column":32},"end":{"line":7,"column":116}},"11":{"start":{"line":8,"column":8},"end":{"line":8,"column":78}},"12":{"start":{"line":11,"column":22},"end":{"line":13,"column":1}},"13":{"start":{"line":12,"column":4},"end":{"line":12,"column":62}},"14":{"start":{"line":14,"column":0},"end":{"line":14,"column":62}},"15":{"start":{"line":15,"column":17},"end":{"line":15,"column":37}},"16":{"start":{"line":16,"column":22},"end":{"line":16,"column":71}},"17":{"start":{"line":19,"column":8},"end":{"line":19,"column":35}},"18":{"start":{"line":20,"column":8},"end":{"line":28,"column":11}},"19":{"start":{"line":20,"column":45},"end":{"line":28,"column":10}},"20":{"start":{"line":21,"column":12},"end":{"line":27,"column":13}},"21":{"start":{"line":22,"column":31},"end":{"line":22,"column":77}},"22":{"start":{"line":23,"column":16},"end":{"line":23,"column":85}},"23":{"start":{"line":26,"column":16},"end":{"line":26,"column":99}},"24":{"start":{"line":29,"column":8},"end":{"line":37,"column":11}},"25":{"start":{"line":29,"column":44},"end":{"line":37,"column":10}},"26":{"start":{"line":30,"column":12},"end":{"line":36,"column":13}},"27":{"start":{"line":31,"column":29},"end":{"line":31,"column":66}},"28":{"start":{"line":32,"column":16},"end":{"line":32,"column":78}},"29":{"start":{"line":35,"column":16},"end":{"line":35,"column":99}},"30":{"start":{"line":38,"column":8},"end":{"line":52,"column":11}},"31":{"start":{"line":38,"column":46},"end":{"line":52,"column":10}},"32":{"start":{"line":39,"column":12},"end":{"line":51,"column":13}},"33":{"start":{"line":40,"column":31},"end":{"line":40,"column":41}},"34":{"start":{"line":41,"column":31},"end":{"line":41,"column":80}},"35":{"start":{"line":42,"column":16},"end":{"line":47,"column":17}},"36":{"start":{"line":43,"column":20},"end":{"line":43,"column":84}},"37":{"start":{"line":46,"column":20},"end":{"line":46,"column":102}},"38":{"start":{"line":50,"column":16},"end":{"line":50,"column":99}},"39":{"start":{"line":53,"column":8},"end":{"line":68,"column":11}},"40":{"start":{"line":53,"column":45},"end":{"line":68,"column":10}},"41":{"start":{"line":54,"column":12},"end":{"line":67,"column":13}},"42":{"start":{"line":55,"column":31},"end":{"line":55,"column":41}},"43":{"start":{"line":56,"column":45},"end":{"line":56,"column":53}},"44":{"start":{"line":57,"column":31},"end":{"line":57,"column":97}},"45":{"start":{"line":58,"column":16},"end":{"line":63,"column":17}},"46":{"start":{"line":59,"column":20},"end":{"line":59,"column":89}},"47":{"start":{"line":62,"column":20},"end":{"line":62,"column":84}},"48":{"start":{"line":66,"column":16},"end":{"line":66,"column":99}},"49":{"start":{"line":70,"column":8},"end":{"line":82,"column":11}},"50":{"start":{"line":70,"column":45},"end":{"line":82,"column":10}},"51":{"start":{"line":71,"column":12},"end":{"line":81,"column":13}},"52":{"start":{"line":72,"column":31},"end":{"line":72,"column":41}},"53":{"start":{"line":73,"column":32},"end":{"line":73,"column":80}},"54":{"start":{"line":74,"column":16},"end":{"line":76,"column":17}},"55":{"start":{"line":75,"column":20},"end":{"line":75,"column":90}},"56":{"start":{"line":77,"column":16},"end":{"line":77,"column":81}},"57":{"start":{"line":80,"column":16},"end":{"line":80,"column":118}},"58":{"start":{"line":85,"column":0},"end":{"line":85,"column":38}}},"fnMap":{"0":{"name":"(anonymous_0)","decl":{"start":{"line":2,"column":44},"end":{"line":2,"column":45}},"loc":{"start":{"line":2,"column":89},"end":{"line":10,"column":1}},"line":2},"1":{"name":"adopt","decl":{"start":{"line":3,"column":13},"end":{"line":3,"column":18}},"loc":{"start":{"line":3,"column":26},"end":{"line":3,"column":112}},"line":3},"2":{"name":"(anonymous_2)","decl":{"start":{"line":3,"column":70},"end":{"line":3,"column":71}},"loc":{"start":{"line":3,"column":89},"end":{"line":3,"column":108}},"line":3},"3":{"name":"(anonymous_3)","decl":{"start":{"line":4,"column":36},"end":{"line":4,"column":37}},"loc":{"start":{"line":4,"column":63},"end":{"line":9,"column":5}},"line":4},"4":{"name":"fulfilled","decl":{"start":{"line":5,"column":17},"end":{"line":5,"column":26}},"loc":{"start":{"line":5,"column":34},"end":{"line":5,"column":99}},"line":5},"5":{"name":"rejected","decl":{"start":{"line":6,"column":17},"end":{"line":6,"column":25}},"loc":{"start":{"line":6,"column":33},"end":{"line":6,"column":102}},"line":6},"6":{"name":"step","decl":{"start":{"line":7,"column":17},"end":{"line":7,"column":21}},"loc":{"start":{"line":7,"column":30},"end":{"line":7,"column":118}},"line":7},"7":{"name":"(anonymous_7)","decl":{"start":{"line":11,"column":56},"end":{"line":11,"column":57}},"loc":{"start":{"line":11,"column":71},"end":{"line":13,"column":1}},"line":11},"8":{"name":"(anonymous_8)","decl":{"start":{"line":18,"column":4},"end":{"line":18,"column":5}},"loc":{"start":{"line":18,"column":57},"end":{"line":83,"column":5}},"line":18},"9":{"name":"(anonymous_9)","decl":{"start":{"line":20,"column":31},"end":{"line":20,"column":32}},"loc":{"start":{"line":20,"column":45},"end":{"line":28,"column":10}},"line":20},"10":{"name":"(anonymous_10)","decl":{"start":{"line":20,"column":77},"end":{"line":20,"column":78}},"loc":{"start":{"line":20,"column":90},"end":{"line":28,"column":9}},"line":20},"11":{"name":"(anonymous_11)","decl":{"start":{"line":29,"column":30},"end":{"line":29,"column":31}},"loc":{"start":{"line":29,"column":44},"end":{"line":37,"column":10}},"line":29},"12":{"name":"(anonymous_12)","decl":{"start":{"line":29,"column":76},"end":{"line":29,"column":77}},"loc":{"start":{"line":29,"column":89},"end":{"line":37,"column":9}},"line":29},"13":{"name":"(anonymous_13)","decl":{"start":{"line":38,"column":32},"end":{"line":38,"column":33}},"loc":{"start":{"line":38,"column":46},"end":{"line":52,"column":10}},"line":38},"14":{"name":"(anonymous_14)","decl":{"start":{"line":38,"column":78},"end":{"line":38,"column":79}},"loc":{"start":{"line":38,"column":91},"end":{"line":52,"column":9}},"line":38},"15":{"name":"(anonymous_15)","decl":{"start":{"line":53,"column":31},"end":{"line":53,"column":32}},"loc":{"start":{"line":53,"column":45},"end":{"line":68,"column":10}},"line":53},"16":{"name":"(anonymous_16)","decl":{"start":{"line":53,"column":77},"end":{"line":53,"column":78}},"loc":{"start":{"line":53,"column":90},"end":{"line":68,"column":9}},"line":53},"17":{"name":"(anonymous_17)","decl":{"start":{"line":70,"column":31},"end":{"line":70,"column":32}},"loc":{"start":{"line":70,"column":45},"end":{"line":82,"column":10}},"line":70},"18":{"name":"(anonymous_18)","decl":{"start":{"line":70,"column":77},"end":{"line":70,"column":78}},"loc":{"start":{"line":70,"column":90},"end":{"line":82,"column":9}},"line":70}},"branchMap":{"0":{"loc":{"start":{"line":2,"column":16},"end":{"line":10,"column":1}},"type":"binary-expr","locations":[{"start":{"line":2,"column":17},"end":{"line":2,"column":21}},{"start":{"line":2,"column":25},"end":{"line":2,"column":39}},{"start":{"line":2,"column":44},"end":{"line":10,"column":1}}],"line":2},"1":{"loc":{"start":{"line":3,"column":35},"end":{"line":3,"column":109}},"type":"cond-expr","locations":[{"start":{"line":3,"column":56},"end":{"line":3,"column":61}},{"start":{"line":3,"column":64},"end":{"line":3,"column":109}}],"line":3},"2":{"loc":{"start":{"line":4,"column":16},"end":{"line":4,"column":34}},"type":"binary-expr","locations":[{"start":{"line":4,"column":16},"end":{"line":4,"column":17}},{"start":{"line":4,"column":22},"end":{"line":4,"column":33}}],"line":4},"3":{"loc":{"start":{"line":7,"column":32},"end":{"line":7,"column":115}},"type":"cond-expr","locations":[{"start":{"line":7,"column":46},"end":{"line":7,"column":67}},{"start":{"line":7,"column":70},"end":{"line":7,"column":115}}],"line":7},"4":{"loc":{"start":{"line":8,"column":51},"end":{"line":8,"column":67}},"type":"binary-expr","locations":[{"start":{"line":8,"column":51},"end":{"line":8,"column":61}},{"start":{"line":8,"column":65},"end":{"line":8,"column":67}}],"line":8},"5":{"loc":{"start":{"line":11,"column":22},"end":{"line":13,"column":1}},"type":"binary-expr","locations":[{"start":{"line":11,"column":23},"end":{"line":11,"column":27}},{"start":{"line":11,"column":31},"end":{"line":11,"column":51}},{"start":{"line":11,"column":56},"end":{"line":13,"column":1}}],"line":11},"6":{"loc":{"start":{"line":12,"column":11},"end":{"line":12,"column":61}},"type":"cond-expr","locations":[{"start":{"line":12,"column":37},"end":{"line":12,"column":40}},{"start":{"line":12,"column":43},"end":{"line":12,"column":61}}],"line":12},"7":{"loc":{"start":{"line":12,"column":12},"end":{"line":12,"column":33}},"type":"binary-expr","locations":[{"start":{"line":12,"column":12},"end":{"line":12,"column":15}},{"start":{"line":12,"column":19},"end":{"line":12,"column":33}}],"line":12},"8":{"loc":{"start":{"line":18,"column":16},"end":{"line":18,"column":55}},"type":"default-arg","locations":[{"start":{"line":18,"column":28},"end":{"line":18,"column":55}}],"line":18},"9":{"loc":{"start":{"line":42,"column":16},"end":{"line":47,"column":17}},"type":"if","locations":[{"start":{"line":42,"column":16},"end":{"line":47,"column":17}},{"start":{"line":42,"column":16},"end":{"line":47,"column":17}}],"line":42},"10":{"loc":{"start":{"line":58,"column":16},"end":{"line":63,"column":17}},"type":"if","locations":[{"start":{"line":58,"column":16},"end":{"line":63,"column":17}},{"start":{"line":58,"column":16},"end":{"line":63,"column":17}}],"line":58},"11":{"loc":{"start":{"line":74,"column":16},"end":{"line":76,"column":17}},"type":"if","locations":[{"start":{"line":74,"column":16},"end":{"line":76,"column":17}},{"start":{"line":74,"column":16},"end":{"line":76,"column":17}}],"line":74}},"s":{"0":1,"1":0,"2":0,"3":0,"4":0,"5":0,"6":0,"7":0,"8":0,"9":0,"10":0,"11":0,"12":1,"13":1,"14":1,"15":1,"16":1,"17":1,"18":1,"19":0,"20":0,"21":0,"22":0,"23":0,"24":1,"25":0,"26":0,"27":0,"28":0,"29":0,"30":1,"31":0,"32":0,"33":0,"34":0,"35":0,"36":0,"37":0,"38":0,"39":1,"40":0,"41":0,"42":0,"43":0,"44":0,"45":0,"46":0,"47":0,"48":0,"49":1,"50":0,"51":0,"52":0,"53":0,"54":0,"55":0,"56":0,"57":0,"58":1},"f":{"0":0,"1":0,"2":0,"3":0,"4":0,"5":0,"6":0,"7":1,"8":1,"9":0,"10":0,"11":0,"12":0,"13":0,"14":0,"15":0,"16":0,"17":0,"18":0},"b":{"0":[1,1,1],"1":[0,0],"2":[0,0],"3":[0,0],"4":[0,0],"5":[1,1,1],"6":[1,0],"7":[1,1],"8":[1],"9":[0,0],"10":[0,0],"11":[0,0]},"inputSourceMap":{"version":3,"file":"/home/reinaldo/school/back-escola-prisma/src/controllers/ProfessorController.ts","sources":["/home/reinaldo/school/back-escola-prisma/src/controllers/ProfessorController.ts"],"names":[],"mappings":";;;;;;;;;;;;;;AACA,sCAAmC;AACnC,wEAAgD;AAGhD,MAAM,mBAAmB;IAEvB,YAAoB,YAAY,IAAI,qBAAW,EAAE;QAA7B,cAAS,GAAT,SAAS,CAAoB;QAE1C,oBAAe,GAAG,CAAO,GAAY,EAAE,GAAa,EAAE,EAAE;YAE7D,IAAI;gBACF,MAAM,MAAM,GAAG,MAAM,IAAI,CAAC,SAAS,CAAC,eAAe,CAAC,GAAG,CAAC,IAAI,CAAC,CAAC;gBAC9D,OAAO,GAAG,CAAC,MAAM,CAAC,eAAM,CAAC,OAAO,CAAC,CAAC,IAAI,CAAC,EAAE,OAAO,EAAE,MAAM,EAAE,CAAC,CAAC;aAC7D;YAAC,OAAO,KAAK,EAAE;gBACd,OAAO,GAAG,CAAC,MAAM,CAAC,eAAM,CAAC,aAAa,CAAC,CAAC,IAAI,CAAC,EAAE,KAAK,EAAE,gBAAgB,EAAE,CAAC,CAAC;aAC3E;QACH,CAAC,CAAA,CAAA;QAEM,mBAAc,GAAG,CAAO,GAAY,EAAE,GAAa,EAAE,EAAE;YAC5D,IAAI;gBACF,MAAM,IAAI,GAAG,MAAM,IAAI,CAAC,SAAS,CAAC,cAAc,EAAE,CAAC;gBAEnD,OAAO,GAAG,CAAC,MAAM,CAAC,eAAM,CAAC,EAAE,CAAC,CAAC,IAAI,CAAC,EAAE,OAAO,EAAE,IAAI,EAAE,CAAC,CAAC;aACtD;YAAC,OAAO,KAAK,EAAE;gBACd,OAAO,GAAG,CAAC,MAAM,CAAC,eAAM,CAAC,aAAa,CAAC,CAAC,IAAI,CAAC,EAAE,KAAK,EAAE,gBAAgB,EAAE,CAAC,CAAC;aAC3E;QACH,CAAC,CAAA,CAAC;QAEK,qBAAgB,GAAG,CAAO,GAAY,EAAE,GAAa,EAAE,EAAE;YAG9D,IAAI;gBACF,MAAM,EAAE,EAAE,EAAE,GAAG,GAAG,CAAC,MAAM,CAAC;gBAC1B,MAAM,MAAM,GAAG,MAAM,IAAI,CAAC,SAAS,CAAC,gBAAgB,CAAC,MAAM,CAAC,EAAE,CAAC,CAAC,CAAC;gBAEjE,IAAI,MAAM,EAAE;oBACV,OAAO,GAAG,CAAC,MAAM,CAAC,eAAM,CAAC,EAAE,CAAC,CAAC,IAAI,CAAC,EAAE,OAAO,EAAE,MAAM,EAAE,CAAC,CAAC;iBACxD;qBAAM;oBACL,OAAO,GAAG,CAAC,MAAM,CAAC,eAAM,CAAC,SAAS,CAAC,CAAC,IAAI,CAAC,EAAE,KAAK,EAAE,mBAAmB,EAAE,CAAC,CAAC;iBAC1E;aACF;YAAC,OAAO,KAAK,EAAE;gBACd,OAAO,GAAG,CAAC,MAAM,CAAC,eAAM,CAAC,aAAa,CAAC,CAAC,IAAI,CAAC,EAAE,KAAK,EAAE,gBAAgB,EAAE,CAAC,CAAC;aAC3E;QACH,CAAC,CAAA,CAAC;QAEK,oBAAe,GAAG,CAAO,GAAY,EAAE,GAAa,EAAE,EAAE;YAI7D,IAAI;gBACF,MAAM,EAAE,EAAE,EAAE,GAAG,GAAG,CAAC,MAAM,CAAC;gBAC1B,MAAM,EAAE,IAAI,EAAE,UAAU,EAAE,GAAG,GAAG,CAAC,IAAI,CAAC;gBACtC,MAAM,MAAM,GAAG,MAAM,IAAI,CAAC,SAAS,CAAC,eAAe,CAAC,MAAM,CAAC,EAAE,CAAC,EAAE,IAAI,EAAE,UAAU,CAAC,CAAC;gBAElF,IAAI,MAAM,KAAK,mBAAmB,EAAE;oBAClC,OAAO,GAAG,CAAC,MAAM,CAAC,eAAM,CAAC,SAAS,CAAC,CAAC,IAAI,CAAC,EAAE,KAAK,EAAE,MAAM,EAAE,CAAC,CAAC;iBAC7D;qBAAM;oBACL,OAAO,GAAG,CAAC,MAAM,CAAC,eAAM,CAAC,EAAE,CAAC,CAAC,IAAI,CAAC,EAAE,OAAO,EAAE,MAAM,EAAE,CAAC,CAAC;iBACxD;aACF;YAAC,OAAO,KAAK,EAAE;gBACd,OAAO,GAAG,CAAC,MAAM,CAAC,eAAM,CAAC,aAAa,CAAC,CAAC,IAAI,CAAC,EAAE,KAAK,EAAE,gBAAgB,EAAE,CAAC,CAAC;aAC3E;QAEH,CAAC,CAAA,CAAC;QAEF,uBAAuB;QAChB,oBAAe,GAAG,CAAO,GAAY,EAAE,GAAa,EAAE,EAAE;YAE7D,IAAI;gBACF,MAAM,EAAE,EAAE,EAAE,GAAG,GAAG,CAAC,MAAM,CAAC;gBAC1B,MAAM,OAAO,GAAG,MAAM,IAAI,CAAC,SAAS,CAAC,eAAe,CAAC,MAAM,CAAC,EAAE,CAAC,CAAC,CAAC;gBACjE,IAAG,OAAO,KAAK,wBAAwB,EAAC;oBACtC,OAAO,GAAG,CAAC,MAAM,CAAC,eAAM,CAAC,SAAS,CAAC,CAAC,IAAI,CAAC,EAAE,KAAK,EAAE,OAAO,EAAE,CAAC,CAAC;iBAC9D;gBACD,OAAO,GAAG,CAAC,MAAM,CAAC,eAAM,CAAC,EAAE,CAAC,CAAC,IAAI,CAAC,EAAE,OAAO,EAAE,OAAO,EAAE,CAAC,CAAC;aACzD;YAAC,OAAO,KAAK,EAAE;gBACd,OAAO,GAAG,CAAC,MAAM,CAAC,eAAM,CAAC,aAAa,CAAC,CAAC,IAAI,CAAC,EAAE,KAAK,EAAE,mCAAmC,EAAE,CAAC,CAAC;aAC9F;QACH,CAAC,CAAA,CAAA;IAxEoD,CAAC;CAyEvD;AAED,kBAAe,mBAAmB,CAAC","sourcesContent":["import { Request, Response } from \"express\";\nimport { Status } from '../Status';\nimport Professores from '../models/Professores';\nimport ProfessorDto from \"../Dto/ProfessorDto\";\n\nclass ProfessorController implements ProfessorDto {\n\n  constructor(private professor = new Professores()) { }\n\n  public createProfessor = async (req: Request, res: Response) => {\n\n    try {\n      const result = await this.professor.createProfessor(req.body);\n      return res.status(Status.Created).json({ message: result });\n    } catch (error) {\n      return res.status(Status.InternalError).json({ error: \"Internal error\" });\n    }\n  }\n\n  public getProfessores = async (req: Request, res: Response) => {\n    try {\n      const data = await this.professor.getProfessores();\n\n      return res.status(Status.OK).json({ message: data });\n    } catch (error) {\n      return res.status(Status.InternalError).json({ error: \"Internal error\" });\n    }\n  };\n\n  public getProfessorById = async (req: Request, res: Response) => {\n\n\n    try {\n      const { id } = req.params;\n      const result = await this.professor.getProfessorById(Number(id));\n\n      if (result) {\n        return res.status(Status.OK).json({ message: result });\n      } else {\n        return res.status(Status.Not_Found).json({ error: \"Teacher not found\" });\n      }\n    } catch (error) {\n      return res.status(Status.InternalError).json({ error: \"Internal error\" });\n    }\n  };\n\n  public updateProfessor = async (req: Request, res: Response) => {\n\n\n\n    try {\n      const { id } = req.params;\n      const { nome, disciplina } = req.body;\n      const result = await this.professor.updateProfessor(Number(id), nome, disciplina);\n\n      if (result === \"Teacher not found\") {\n        return res.status(Status.Not_Found).json({ error: result });\n      } else {\n        return res.status(Status.OK).json({ message: result });\n      }\n    } catch (error) {\n      return res.status(Status.InternalError).json({ error: \"Internal error\" });\n    }\n\n  };\n\n  //método delete teacher\n  public deleteProfessor = async (req: Request, res: Response) => {\n    \n    try {\n      const { id } = req.params;\n      const request = await this.professor.deleteProfessor(Number(id));\n      if(request === 'Teacher does not exist'){\n        return res.status(Status.Not_Found).json({ error: request });\n      }\n      return res.status(Status.OK).json({ message: request });\n    } catch (error) {\n      return res.status(Status.InternalError).json({ error: \"Teacher with students associated.\" });\n    }\n  }\n}\n\nexport default ProfessorController;"]},"_coverageSchema":"1a1c01bbd47fc00a2c39e90264f33305004495a9","hash":"52511dbe35cfcae6c1d6bbab625fc35a2aa0dec1","contentHash":"cbe767f56c6b6f5c81e217898fbdfcda32122d4ac9622d9f5c01acf9e2c1723d"},"/home/reinaldo/school/back-escola-prisma/src/Status.ts":{"path":"/home/reinaldo/school/back-escola-prisma/src/Status.ts","statementMap":{"0":{"start":{"line":2,"column":0},"end":{"line":2,"column":62}},"1":{"start":{"line":3,"column":0},"end":{"line":3,"column":24}},"2":{"start":{"line":4,"column":0},"end":{"line":10,"column":2}}},"fnMap":{},"branchMap":{},"s":{"0":1,"1":1,"2":1},"f":{},"b":{},"inputSourceMap":{"version":3,"file":"/home/reinaldo/school/back-escola-prisma/src/Status.ts","sources":["/home/reinaldo/school/back-escola-prisma/src/Status.ts"],"names":[],"mappings":";;;AAAa,QAAA,MAAM,GAAG;IACpB,EAAE,EAAE,GAAG;IACP,SAAS,EAAE,GAAG;IACd,OAAO,EAAE,GAAG;IACZ,aAAa,EAAE,GAAG;IAClB,UAAU,EAAE,GAAG;CAChB,CAAA","sourcesContent":["export const Status = {\n  OK: 200,\n  Not_Found: 404,\n  Created: 201,\n  InternalError: 500,\n  BedRequest: 400\n}"]},"_coverageSchema":"1a1c01bbd47fc00a2c39e90264f33305004495a9","hash":"d4304f6ca8075e9ab2e6cff1ea85d2401997aae7","contentHash":"faf8abae8cee4dd0a4e4380ac130434543c8dc9aa1605a7cf1b3683627e8a4d1"},"/home/reinaldo/school/back-escola-prisma/src/models/Professores.ts":{"path":"/home/reinaldo/school/back-escola-prisma/src/models/Professores.ts","statementMap":{"0":{"start":{"line":2,"column":16},"end":{"line":10,"column":1}},"1":{"start":{"line":3,"column":28},"end":{"line":3,"column":110}},"2":{"start":{"line":3,"column":91},"end":{"line":3,"column":106}},"3":{"start":{"line":4,"column":4},"end":{"line":9,"column":7}},"4":{"start":{"line":5,"column":36},"end":{"line":5,"column":97}},"5":{"start":{"line":5,"column":42},"end":{"line":5,"column":70}},"6":{"start":{"line":5,"column":85},"end":{"line":5,"column":95}},"7":{"start":{"line":6,"column":35},"end":{"line":6,"column":100}},"8":{"start":{"line":6,"column":41},"end":{"line":6,"column":73}},"9":{"start":{"line":6,"column":88},"end":{"line":6,"column":98}},"10":{"start":{"line":7,"column":32},"end":{"line":7,"column":116}},"11":{"start":{"line":8,"column":8},"end":{"line":8,"column":78}},"12":{"start":{"line":11,"column":22},"end":{"line":13,"column":1}},"13":{"start":{"line":12,"column":4},"end":{"line":12,"column":62}},"14":{"start":{"line":14,"column":0},"end":{"line":14,"column":62}},"15":{"start":{"line":15,"column":17},"end":{"line":15,"column":67}},"16":{"start":{"line":18,"column":8},"end":{"line":18,"column":41}},"17":{"start":{"line":19,"column":8},"end":{"line":32,"column":11}},"18":{"start":{"line":19,"column":36},"end":{"line":32,"column":10}},"19":{"start":{"line":20,"column":38},"end":{"line":30,"column":14}},"20":{"start":{"line":31,"column":12},"end":{"line":31,"column":37}},"21":{"start":{"line":33,"column":8},"end":{"line":51,"column":11}},"22":{"start":{"line":33,"column":46},"end":{"line":51,"column":10}},"23":{"start":{"line":34,"column":28},"end":{"line":49,"column":14}},"24":{"start":{"line":50,"column":12},"end":{"line":50,"column":27}},"25":{"start":{"line":52,"column":8},"end":{"line":66,"column":11}},"26":{"start":{"line":52,"column":40},"end":{"line":66,"column":10}},"27":{"start":{"line":53,"column":25},"end":{"line":64,"column":14}},"28":{"start":{"line":65,"column":12},"end":{"line":65,"column":24}},"29":{"start":{"line":67,"column":8},"end":{"line":91,"column":11}},"30":{"start":{"line":67,"column":57},"end":{"line":91,"column":10}},"31":{"start":{"line":68,"column":27},"end":{"line":68,"column":58}},"32":{"start":{"line":69,"column":12},"end":{"line":90,"column":13}},"33":{"start":{"line":70,"column":32},"end":{"line":85,"column":18}},"34":{"start":{"line":86,"column":16},"end":{"line":86,"column":31}},"35":{"start":{"line":89,"column":16},"end":{"line":89,"column":43}},"36":{"start":{"line":92,"column":8},"end":{"line":105,"column":11}},"37":{"start":{"line":92,"column":39},"end":{"line":105,"column":10}},"38":{"start":{"line":93,"column":27},"end":{"line":93,"column":58}},"39":{"start":{"line":94,"column":12},"end":{"line":104,"column":13}},"40":{"start":{"line":95,"column":16},"end":{"line":95,"column":48}},"41":{"start":{"line":98,"column":16},"end":{"line":102,"column":19}},"42":{"start":{"line":103,"column":16},"end":{"line":103,"column":56}},"43":{"start":{"line":108,"column":0},"end":{"line":108,"column":30}}},"fnMap":{"0":{"name":"(anonymous_0)","decl":{"start":{"line":2,"column":44},"end":{"line":2,"column":45}},"loc":{"start":{"line":2,"column":89},"end":{"line":10,"column":1}},"line":2},"1":{"name":"adopt","decl":{"start":{"line":3,"column":13},"end":{"line":3,"column":18}},"loc":{"start":{"line":3,"column":26},"end":{"line":3,"column":112}},"line":3},"2":{"name":"(anonymous_2)","decl":{"start":{"line":3,"column":70},"end":{"line":3,"column":71}},"loc":{"start":{"line":3,"column":89},"end":{"line":3,"column":108}},"line":3},"3":{"name":"(anonymous_3)","decl":{"start":{"line":4,"column":36},"end":{"line":4,"column":37}},"loc":{"start":{"line":4,"column":63},"end":{"line":9,"column":5}},"line":4},"4":{"name":"fulfilled","decl":{"start":{"line":5,"column":17},"end":{"line":5,"column":26}},"loc":{"start":{"line":5,"column":34},"end":{"line":5,"column":99}},"line":5},"5":{"name":"rejected","decl":{"start":{"line":6,"column":17},"end":{"line":6,"column":25}},"loc":{"start":{"line":6,"column":33},"end":{"line":6,"column":102}},"line":6},"6":{"name":"step","decl":{"start":{"line":7,"column":17},"end":{"line":7,"column":21}},"loc":{"start":{"line":7,"column":30},"end":{"line":7,"column":118}},"line":7},"7":{"name":"(anonymous_7)","decl":{"start":{"line":11,"column":56},"end":{"line":11,"column":57}},"loc":{"start":{"line":11,"column":71},"end":{"line":13,"column":1}},"line":11},"8":{"name":"(anonymous_8)","decl":{"start":{"line":17,"column":4},"end":{"line":17,"column":5}},"loc":{"start":{"line":17,"column":49},"end":{"line":106,"column":5}},"line":17},"9":{"name":"(anonymous_9)","decl":{"start":{"line":19,"column":30},"end":{"line":19,"column":31}},"loc":{"start":{"line":19,"column":36},"end":{"line":32,"column":10}},"line":19},"10":{"name":"(anonymous_10)","decl":{"start":{"line":19,"column":68},"end":{"line":19,"column":69}},"loc":{"start":{"line":19,"column":81},"end":{"line":32,"column":9}},"line":19},"11":{"name":"(anonymous_11)","decl":{"start":{"line":33,"column":31},"end":{"line":33,"column":32}},"loc":{"start":{"line":33,"column":46},"end":{"line":51,"column":10}},"line":33},"12":{"name":"(anonymous_12)","decl":{"start":{"line":33,"column":78},"end":{"line":33,"column":79}},"loc":{"start":{"line":33,"column":91},"end":{"line":51,"column":9}},"line":33},"13":{"name":"(anonymous_13)","decl":{"start":{"line":52,"column":32},"end":{"line":52,"column":33}},"loc":{"start":{"line":52,"column":40},"end":{"line":66,"column":10}},"line":52},"14":{"name":"(anonymous_14)","decl":{"start":{"line":52,"column":72},"end":{"line":52,"column":73}},"loc":{"start":{"line":52,"column":85},"end":{"line":66,"column":9}},"line":52},"15":{"name":"(anonymous_15)","decl":{"start":{"line":67,"column":31},"end":{"line":67,"column":32}},"loc":{"start":{"line":67,"column":57},"end":{"line":91,"column":10}},"line":67},"16":{"name":"(anonymous_16)","decl":{"start":{"line":67,"column":89},"end":{"line":67,"column":90}},"loc":{"start":{"line":67,"column":102},"end":{"line":91,"column":9}},"line":67},"17":{"name":"(anonymous_17)","decl":{"start":{"line":92,"column":31},"end":{"line":92,"column":32}},"loc":{"start":{"line":92,"column":39},"end":{"line":105,"column":10}},"line":92},"18":{"name":"(anonymous_18)","decl":{"start":{"line":92,"column":71},"end":{"line":92,"column":72}},"loc":{"start":{"line":92,"column":84},"end":{"line":105,"column":9}},"line":92}},"branchMap":{"0":{"loc":{"start":{"line":2,"column":16},"end":{"line":10,"column":1}},"type":"binary-expr","locations":[{"start":{"line":2,"column":17},"end":{"line":2,"column":21}},{"start":{"line":2,"column":25},"end":{"line":2,"column":39}},{"start":{"line":2,"column":44},"end":{"line":10,"column":1}}],"line":2},"1":{"loc":{"start":{"line":3,"column":35},"end":{"line":3,"column":109}},"type":"cond-expr","locations":[{"start":{"line":3,"column":56},"end":{"line":3,"column":61}},{"start":{"line":3,"column":64},"end":{"line":3,"column":109}}],"line":3},"2":{"loc":{"start":{"line":4,"column":16},"end":{"line":4,"column":34}},"type":"binary-expr","locations":[{"start":{"line":4,"column":16},"end":{"line":4,"column":17}},{"start":{"line":4,"column":22},"end":{"line":4,"column":33}}],"line":4},"3":{"loc":{"start":{"line":7,"column":32},"end":{"line":7,"column":115}},"type":"cond-expr","locations":[{"start":{"line":7,"column":46},"end":{"line":7,"column":67}},{"start":{"line":7,"column":70},"end":{"line":7,"column":115}}],"line":7},"4":{"loc":{"start":{"line":8,"column":51},"end":{"line":8,"column":67}},"type":"binary-expr","locations":[{"start":{"line":8,"column":51},"end":{"line":8,"column":61}},{"start":{"line":8,"column":65},"end":{"line":8,"column":67}}],"line":8},"5":{"loc":{"start":{"line":11,"column":22},"end":{"line":13,"column":1}},"type":"binary-expr","locations":[{"start":{"line":11,"column":23},"end":{"line":11,"column":27}},{"start":{"line":11,"column":31},"end":{"line":11,"column":51}},{"start":{"line":11,"column":56},"end":{"line":13,"column":1}}],"line":11},"6":{"loc":{"start":{"line":12,"column":11},"end":{"line":12,"column":61}},"type":"cond-expr","locations":[{"start":{"line":12,"column":37},"end":{"line":12,"column":40}},{"start":{"line":12,"column":43},"end":{"line":12,"column":61}}],"line":12},"7":{"loc":{"start":{"line":12,"column":12},"end":{"line":12,"column":33}},"type":"binary-expr","locations":[{"start":{"line":12,"column":12},"end":{"line":12,"column":15}},{"start":{"line":12,"column":19},"end":{"line":12,"column":33}}],"line":12},"8":{"loc":{"start":{"line":17,"column":16},"end":{"line":17,"column":47}},"type":"default-arg","locations":[{"start":{"line":17,"column":31},"end":{"line":17,"column":47}}],"line":17},"9":{"loc":{"start":{"line":69,"column":12},"end":{"line":90,"column":13}},"type":"if","locations":[{"start":{"line":69,"column":12},"end":{"line":90,"column":13}},{"start":{"line":69,"column":12},"end":{"line":90,"column":13}}],"line":69},"10":{"loc":{"start":{"line":94,"column":12},"end":{"line":104,"column":13}},"type":"if","locations":[{"start":{"line":94,"column":12},"end":{"line":104,"column":13}},{"start":{"line":94,"column":12},"end":{"line":104,"column":13}}],"line":94}},"s":{"0":1,"1":0,"2":0,"3":0,"4":0,"5":0,"6":0,"7":0,"8":0,"9":0,"10":0,"11":0,"12":1,"13":1,"14":1,"15":1,"16":2,"17":2,"18":0,"19":0,"20":0,"21":2,"22":0,"23":0,"24":0,"25":2,"26":0,"27":0,"28":0,"29":2,"30":0,"31":0,"32":0,"33":0,"34":0,"35":0,"36":2,"37":0,"38":0,"39":0,"40":0,"41":0,"42":0,"43":1},"f":{"0":0,"1":0,"2":0,"3":0,"4":0,"5":0,"6":0,"7":1,"8":2,"9":0,"10":0,"11":0,"12":0,"13":0,"14":0,"15":0,"16":0,"17":0,"18":0},"b":{"0":[1,1,1],"1":[0,0],"2":[0,0],"3":[0,0],"4":[0,0],"5":[1,1,1],"6":[1,0],"7":[1,1],"8":[2],"9":[0,0],"10":[0,0]},"inputSourceMap":{"version":3,"file":"/home/reinaldo/school/back-escola-prisma/src/models/Professores.ts","sources":["/home/reinaldo/school/back-escola-prisma/src/models/Professores.ts"],"names":[],"mappings":";;;;;;;;;;;;;;AAAA,oEAA4C;AAG5C,MAAM,WAAW;IAEf,YAAoB,eAAe,gBAAM;QAArB,iBAAY,GAAZ,YAAY,CAAS;QAGlC,mBAAc,GAAG,GAAgC,EAAE;YACxD,MAAM,iBAAiB,GAAG,MAAM,IAAI,CAAC,YAAY,CAAC,SAAS,CAAC,QAAQ,CAAC;gBACnE,MAAM,EAAE;oBACN,EAAE,EAAE,IAAI;oBACR,IAAI,EAAE,IAAI;oBACV,IAAI,EAAE,IAAI;oBACV,UAAU,EAAE,IAAI;oBAChB,KAAK,EAAE,IAAI;oBACX,SAAS,EAAE,IAAI;oBACf,MAAM,EAAE,IAAI;iBACb;aACF,CAAC,CAAC;YACH,OAAO,iBAA4C,CAAC;QACtD,CAAC,CAAA,CAAA;QAEM,oBAAe,GAAG,CAAO,SAAqB,EAAuB,EAAE;YAC5E,MAAM,OAAO,GAAG,MAAM,IAAI,CAAC,YAAY,CAAC,SAAS,CAAC,MAAM,CAAC;gBACvD,IAAI,EAAE;oBACJ,IAAI,EAAE,SAAS,CAAC,IAAI;oBACpB,UAAU,EAAE,SAAS,CAAC,UAAU;oBAChC,KAAK,EAAE,SAAS,CAAC,KAAK;iBACvB;gBACD,MAAM,EAAE;oBACN,EAAE,EAAE,IAAI;oBACR,IAAI,EAAE,IAAI;oBACV,IAAI,EAAE,IAAI;oBACV,KAAK,EAAE,IAAI;oBACX,UAAU,EAAE,IAAI;oBAChB,SAAS,EAAE,IAAI;oBACf,MAAM,EAAE,IAAI;iBACb;aACF,CAAC,CAAC;YACH,OAAO,OAAgC,CAAC;QAC1C,CAAC,CAAA,CAAC;QAEK,qBAAgB,GAAG,CAAO,EAAU,EAAyB,EAAE;YACpE,MAAM,IAAI,GAAG,MAAM,IAAI,CAAC,YAAY,CAAC,SAAS,CAAC,UAAU,CAAC;gBACxD,KAAK,EAAE,EAAE,EAAE,EAAE,EAAE,EAAE;gBACjB,MAAM,EAAE;oBACN,EAAE,EAAE,IAAI;oBACR,IAAI,EAAE,IAAI;oBACV,IAAI,EAAE,IAAI;oBACV,KAAK,EAAE,IAAI;oBACX,UAAU,EAAE,IAAI;oBAChB,SAAS,EAAE,IAAI;oBACf,MAAM,EAAE,IAAI;iBACb;aACF,CAAC,CAAA;YAEF,OAAO,IAA+B,CAAC;QACzC,CAAC,CAAA,CAAC;QAEK,oBAAe,GAAG,CAAO,EAAU,EAAE,IAAY,EAAE,UAAkB,EAAgC,EAAE;YAC5G,MAAM,MAAM,GAAG,MAAM,IAAI,CAAC,gBAAgB,CAAC,EAAE,CAAC,CAAC;YAC/C,IAAI,MAAM,EAAE;gBACV,MAAM,OAAO,GAAG,MAAM,IAAI,CAAC,YAAY,CAAC,SAAS,CAAC,MAAM,CAAC;oBACvD,KAAK,EAAE,EAAE,EAAE,EAAE,EAAE,EAAE;oBACjB,IAAI,EAAE;wBACJ,IAAI,EAAE,IAAI;wBACV,UAAU,EAAE,UAAU;qBACvB;oBACD,MAAM,EAAE;wBACN,EAAE,EAAE,IAAI;wBACR,IAAI,EAAE,IAAI;wBACV,IAAI,EAAE,IAAI;wBACV,KAAK,EAAE,IAAI;wBACX,UAAU,EAAE,IAAI;wBAChB,SAAS,EAAE,IAAI;wBACf,MAAM,EAAE,IAAI;qBACb;iBACF,CAAC,CAAC;gBACH,OAAO,OAAgC,CAAC;aACzC;iBAAM;gBACL,OAAO,mBAAmB,CAAC;aAC5B;QACH,CAAC,CAAA,CAAC;QAEK,oBAAe,GAAG,CAAO,EAAU,EAAmB,EAAE;YAC7D,MAAM,MAAM,GAAG,MAAM,IAAI,CAAC,gBAAgB,CAAC,EAAE,CAAC,CAAC;YAC/C,IAAI,CAAC,MAAM,EAAE;gBACX,OAAO,wBAAwB,CAAA;aAChC;iBAAM;gBACL,MAAM,IAAI,CAAC,YAAY,CAAC,SAAS,CAAC,MAAM,CAAC;oBACvC,KAAK,EAAE;wBACL,EAAE,EAAE,EAAE;qBACP;iBACF,CAAC,CAAA;gBAEF,OAAO,4BAA4B,EAAE,EAAE,CAAC;aACzC;QACH,CAAC,CAAA,CAAA;IA5FD,CAAC;CA+FF;AAED,kBAAe,WAAW,CAAC","sourcesContent":["import prisma from \"../PrismaClient/Prisma\";\nimport { IProfessor } from \"../Types/types\";\n\nclass Professores {\n\n  constructor(private prismaCLient = prisma) {\n  }\n\n  public getProfessores = async (): Promise<IProfessor[]> => {\n    const returnProfessores = await this.prismaCLient.professor.findMany({\n      select: {\n        id: true,\n        nome: true,\n        role: true,\n        disciplina: true,\n        email: true,\n        createdAt: true,\n        alunos: true,\n      }\n    });\n    return returnProfessores as unknown as IProfessor[];\n  }\n\n  public createProfessor = async (professor: IProfessor): Promise<IProfessor> => {\n    const created = await this.prismaCLient.professor.create({\n      data: {\n        nome: professor.nome,\n        disciplina: professor.disciplina,\n        email: professor.email,\n      },\n      select: {\n        id: true,\n        nome: true,\n        role: true,\n        email: true,\n        disciplina: true,\n        createdAt: true,\n        alunos: true,\n      }\n    });\n    return created as unknown as IProfessor;\n  };\n\n  public getProfessorById = async (id: number): Promise<IProfessor[]> => {\n    const data = await this.prismaCLient.professor.findUnique({\n      where: { id: id },\n      select: {\n        id: true,\n        nome: true,\n        role: true,\n        email: true,\n        disciplina: true,\n        createdAt: true,\n        alunos: true,\n      }\n    })\n\n    return data as unknown as IProfessor[];\n  };\n\n  public updateProfessor = async (id: number, nome: string, disciplina: string): Promise<IProfessor | string> => {\n    const verify = await this.getProfessorById(id);\n    if (verify) {\n      const updated = await this.prismaCLient.professor.update({\n        where: { id: id },\n        data: {\n          nome: nome,\n          disciplina: disciplina\n        },\n        select: {\n          id: true,\n          nome: true,\n          role: true,\n          email: true,\n          disciplina: true,\n          createdAt: true,\n          alunos: true,\n        }\n      });\n      return updated as unknown as IProfessor;\n    } else {\n      return \"Teacher not found\";\n    }\n  };\n\n  public deleteProfessor = async (id: number): Promise<string> => {\n    const verify = await this.getProfessorById(id);\n    if (!verify) {\n      return \"Teacher does not exist\"\n    } else {\n      await this.prismaCLient.professor.delete({\n        where: {\n          id: id,\n        }\n      })\n\n      return `Deleted teacher with id: ${id}`;\n    }\n  }\n\n\n}\n\nexport default Professores;"]},"_coverageSchema":"1a1c01bbd47fc00a2c39e90264f33305004495a9","hash":"f5a5f07618b83c97f8b140d2b74f8e4c1f542983","contentHash":"395fa42a455f074812939ab1864b2b4ad09b52ea76190b1afb8fbc370c1cb7e0"},"/home/reinaldo/school/back-escola-prisma/src/PrismaClient/Prisma.ts":{"path":"/home/reinaldo/school/back-escola-prisma/src/PrismaClient/Prisma.ts","statementMap":{"0":{"start":{"line":2,"column":0},"end":{"line":2,"column":62}},"1":{"start":{"line":3,"column":17},"end":{"line":3,"column":42}},"2":{"start":{"line":4,"column":15},"end":{"line":4,"column":42}},"3":{"start":{"line":5,"column":0},"end":{"line":5,"column":25}}},"fnMap":{},"branchMap":{},"s":{"0":1,"1":1,"2":1,"3":1},"f":{},"b":{},"inputSourceMap":{"version":3,"file":"/home/reinaldo/school/back-escola-prisma/src/PrismaClient/Prisma.ts","sources":["/home/reinaldo/school/back-escola-prisma/src/PrismaClient/Prisma.ts"],"names":[],"mappings":";;AAAA,2CAA6C;AAC7C,MAAM,MAAM,GAAG,IAAI,qBAAY,EAAE,CAAA;AAEjC,kBAAe,MAAM,CAAC","sourcesContent":["import { PrismaClient } from '@prisma/client'\nconst prisma = new PrismaClient()\n\nexport default prisma;"]},"_coverageSchema":"1a1c01bbd47fc00a2c39e90264f33305004495a9","hash":"375e27c26c3f5fd76dc7ccc54f5251f3ac87a9cf","contentHash":"b8f66a12876acc5b1e8c5f32f2c8bb18cecd6eae43b56ff90d84c21702eb7399"},"/home/reinaldo/school/back-escola-prisma/src/middlewares/validate-professor.ts":{"path":"/home/reinaldo/school/back-escola-prisma/src/middlewares/validate-professor.ts","statementMap":{"0":{"start":{"line":2,"column":0},"end":{"line":2,"column":62}},"1":{"start":{"line":3,"column":0},"end":{"line":3,"column":85}},"2":{"start":{"line":4,"column":17},"end":{"line":4,"column":37}},"3":{"start":{"line":5,"column":22},"end":{"line":13,"column":1}},"4":{"start":{"line":6,"column":40},"end":{"line":6,"column":48}},"5":{"start":{"line":7,"column":4},"end":{"line":12,"column":5}},"6":{"start":{"line":8,"column":8},"end":{"line":8,"column":92}},"7":{"start":{"line":11,"column":8},"end":{"line":11,"column":15}},"8":{"start":{"line":14,"column":0},"end":{"line":14,"column":38}},"9":{"start":{"line":15,"column":25},"end":{"line":26,"column":1}},"10":{"start":{"line":16,"column":19},"end":{"line":16,"column":29}},"11":{"start":{"line":17,"column":4},"end":{"line":25,"column":5}},"12":{"start":{"line":18,"column":8},"end":{"line":18,"column":92}},"13":{"start":{"line":20,"column":9},"end":{"line":25,"column":5}},"14":{"start":{"line":21,"column":8},"end":{"line":21,"column":89}},"15":{"start":{"line":24,"column":8},"end":{"line":24,"column":15}},"16":{"start":{"line":27,"column":0},"end":{"line":27,"column":44}},"17":{"start":{"line":28,"column":25},"end":{"line":36,"column":1}},"18":{"start":{"line":29,"column":33},"end":{"line":29,"column":41}},"19":{"start":{"line":30,"column":4},"end":{"line":35,"column":5}},"20":{"start":{"line":31,"column":8},"end":{"line":31,"column":92}},"21":{"start":{"line":34,"column":8},"end":{"line":34,"column":15}},"22":{"start":{"line":37,"column":0},"end":{"line":37,"column":44}}},"fnMap":{"0":{"name":"(anonymous_0)","decl":{"start":{"line":5,"column":22},"end":{"line":5,"column":23}},"loc":{"start":{"line":5,"column":42},"end":{"line":13,"column":1}},"line":5},"1":{"name":"(anonymous_1)","decl":{"start":{"line":15,"column":25},"end":{"line":15,"column":26}},"loc":{"start":{"line":15,"column":45},"end":{"line":26,"column":1}},"line":15},"2":{"name":"(anonymous_2)","decl":{"start":{"line":28,"column":25},"end":{"line":28,"column":26}},"loc":{"start":{"line":28,"column":45},"end":{"line":36,"column":1}},"line":28}},"branchMap":{"0":{"loc":{"start":{"line":7,"column":4},"end":{"line":12,"column":5}},"type":"if","locations":[{"start":{"line":7,"column":4},"end":{"line":12,"column":5}},{"start":{"line":7,"column":4},"end":{"line":12,"column":5}}],"line":7},"1":{"loc":{"start":{"line":7,"column":8},"end":{"line":7,"column":108}},"type":"binary-expr","locations":[{"start":{"line":7,"column":8},"end":{"line":7,"column":13}},{"start":{"line":7,"column":17},"end":{"line":7,"column":23}},{"start":{"line":7,"column":27},"end":{"line":7,"column":38}},{"start":{"line":7,"column":42},"end":{"line":7,"column":59}},{"start":{"line":7,"column":63},"end":{"line":7,"column":81}},{"start":{"line":7,"column":85},"end":{"line":7,"column":108}}],"line":7},"2":{"loc":{"start":{"line":17,"column":4},"end":{"line":25,"column":5}},"type":"if","locations":[{"start":{"line":17,"column":4},"end":{"line":25,"column":5}},{"start":{"line":17,"column":4},"end":{"line":25,"column":5}}],"line":17},"3":{"loc":{"start":{"line":20,"column":9},"end":{"line":25,"column":5}},"type":"if","locations":[{"start":{"line":20,"column":9},"end":{"line":25,"column":5}},{"start":{"line":20,"column":9},"end":{"line":25,"column":5}}],"line":20},"4":{"loc":{"start":{"line":30,"column":4},"end":{"line":35,"column":5}},"type":"if","locations":[{"start":{"line":30,"column":4},"end":{"line":35,"column":5}},{"start":{"line":30,"column":4},"end":{"line":35,"column":5}}],"line":30},"5":{"loc":{"start":{"line":30,"column":8},"end":{"line":30,"column":76}},"type":"binary-expr","locations":[{"start":{"line":30,"column":8},"end":{"line":30,"column":13}},{"start":{"line":30,"column":17},"end":{"line":30,"column":28}},{"start":{"line":30,"column":32},"end":{"line":30,"column":49}},{"start":{"line":30,"column":53},"end":{"line":30,"column":76}}],"line":30}},"s":{"0":1,"1":1,"2":1,"3":1,"4":0,"5":0,"6":0,"7":0,"8":1,"9":1,"10":0,"11":0,"12":0,"13":0,"14":0,"15":0,"16":1,"17":1,"18":0,"19":0,"20":0,"21":0,"22":1},"f":{"0":0,"1":0,"2":0},"b":{"0":[0,0],"1":[0,0,0,0,0,0],"2":[0,0],"3":[0,0],"4":[0,0],"5":[0,0,0,0]},"inputSourceMap":{"version":3,"file":"/home/reinaldo/school/back-escola-prisma/src/middlewares/validate-professor.ts","sources":["/home/reinaldo/school/back-escola-prisma/src/middlewares/validate-professor.ts"],"names":[],"mappings":";;;AACA,sCAAmC;AAG5B,MAAM,aAAa,GAAG,CAAC,GAAY,EAAE,GAAa,EAAE,IAAkB,EAAE,EAAE;IAC/E,MAAM,EAAE,IAAI,EAAE,KAAK,EAAE,UAAU,EAAE,GAAG,GAAG,CAAC,IAAI,CAAC;IAC7C,IAAI,CAAC,IAAI,IAAI,CAAC,KAAK,IAAI,CAAC,UAAU,IAAI,IAAI,CAAC,MAAM,KAAK,CAAC,IAAI,KAAK,CAAC,MAAM,KAAK,CAAC,IAAI,UAAU,CAAC,MAAM,KAAK,CAAC,EAAE;QACxG,OAAO,GAAG,CAAC,MAAM,CAAC,eAAM,CAAC,UAAU,CAAC,CAAC,IAAI,CAAC,EAAE,KAAK,EAAE,oBAAoB,EAAE,CAAC,CAAC;KAC5E;SAAM;QACL,IAAI,EAAE,CAAA;KACP;AACH,CAAC,CAAA;AAPY,QAAA,aAAa,iBAOzB;AAEM,MAAM,gBAAgB,GAAG,CAAC,GAAY,EAAE,GAAa,EAAE,IAAkB,EAAE,EAAE;IAClF,MAAM,EAAE,EAAE,EAAE,GAAG,GAAG,CAAC,MAAM,CAAC;IAC1B,IAAI,CAAC,EAAE,EAAE;QACP,OAAO,GAAG,CAAC,MAAM,CAAC,eAAM,CAAC,UAAU,CAAC,CAAC,IAAI,CAAC,EAAE,KAAK,EAAE,oBAAoB,EAAE,CAAC,CAAC;KAC5E;SAAM,IAAI,KAAK,CAAC,MAAM,CAAC,EAAE,CAAC,CAAC,EAAE;QAC5B,OAAO,GAAG,CAAC,MAAM,CAAC,eAAM,CAAC,UAAU,CAAC,CAAC,IAAI,CAAC,EAAE,KAAK,EAAE,iBAAiB,EAAE,CAAC,CAAC;KACzE;SAAM;QACL,IAAI,EAAE,CAAA;KACP;AACH,CAAC,CAAA;AATY,QAAA,gBAAgB,oBAS5B;AAEM,MAAM,gBAAgB,GAAG,CAAC,GAAY,EAAE,GAAa,EAAE,IAAkB,EAAE,EAAE;IAClF,MAAM,EAAE,IAAI,EAAE,UAAU,EAAE,GAAG,GAAG,CAAC,IAAI,CAAC;IACtC,IAAI,CAAC,IAAI,IAAI,CAAC,UAAU,IAAI,IAAI,CAAC,MAAM,KAAK,CAAC,IAAI,UAAU,CAAC,MAAM,KAAK,CAAC,EAAE;QACxE,OAAO,GAAG,CAAC,MAAM,CAAC,eAAM,CAAC,UAAU,CAAC,CAAC,IAAI,CAAC,EAAE,KAAK,EAAE,oBAAoB,EAAE,CAAC,CAAC;KAC5E;SAAM;QACL,IAAI,EAAE,CAAA;KACP;AACH,CAAC,CAAA;AAPY,QAAA,gBAAgB,oBAO5B","sourcesContent":["import { Request, Response, NextFunction } from \"express\";\nimport { Status } from '../Status';\n\n\nexport const errorResponse = (req: Request, res: Response, next: NextFunction) => {\n  const { nome, email, disciplina } = req.body;\n  if (!nome || !email || !disciplina || nome.length === 0 || email.length === 0 || disciplina.length === 0) {\n    return res.status(Status.BedRequest).json({ error: \"Invalid parameters\" });\n  } else {\n    next()\n  }\n}\n\nexport const errorIdProfessor = (req: Request, res: Response, next: NextFunction) => {\n  const { id } = req.params;\n  if (!id) {\n    return res.status(Status.BedRequest).json({ error: \"Invalid parameters\" });\n  } else if (isNaN(Number(id))) {\n    return res.status(Status.BedRequest).json({ error: \"Invalid id type\" });\n  } else {\n    next()\n  }\n}\n\nexport const errorResponsePut = (req: Request, res: Response, next: NextFunction) => {\n  const { nome, disciplina } = req.body;\n  if (!nome || !disciplina || nome.length === 0 || disciplina.length === 0) {\n    return res.status(Status.BedRequest).json({ error: \"Invalid parameters\" });\n  } else {\n    next()\n  }\n}\n"]},"_coverageSchema":"1a1c01bbd47fc00a2c39e90264f33305004495a9","hash":"79caeafe84bac970eac11267239126e94b1afd1f","contentHash":"8101fa0adeb8f9f7cae76fecae8c2f6cd55ef9c0a6e63c94147a07d3507937fc"},"/home/reinaldo/school/back-escola-prisma/src/routes/routeAlunos.ts":{"path":"/home/reinaldo/school/back-escola-prisma/src/routes/routeAlunos.ts","statementMap":{"0":{"start":{"line":2,"column":22},"end":{"line":4,"column":1}},"1":{"start":{"line":3,"column":4},"end":{"line":3,"column":62}},"2":{"start":{"line":5,"column":0},"end":{"line":5,"column":62}},"3":{"start":{"line":6,"column":18},"end":{"line":6,"column":36}},"4":{"start":{"line":7,"column":27},"end":{"line":7,"column":86}},"5":{"start":{"line":8,"column":25},"end":{"line":8,"column":65}},"6":{"start":{"line":9,"column":15},"end":{"line":9,"column":47}},"7":{"start":{"line":10,"column":19},"end":{"line":10,"column":42}},"8":{"start":{"line":12,"column":0},"end":{"line":12,"column":47}},"9":{"start":{"line":13,"column":0},"end":{"line":13,"column":85}},"10":{"start":{"line":14,"column":0},"end":{"line":14,"column":116}},"11":{"start":{"line":15,"column":0},"end":{"line":15,"column":87}},"12":{"start":{"line":16,"column":0},"end":{"line":16,"column":79}},"13":{"start":{"line":17,"column":0},"end":{"line":17,"column":29}}},"fnMap":{"0":{"name":"(anonymous_0)","decl":{"start":{"line":2,"column":56},"end":{"line":2,"column":57}},"loc":{"start":{"line":2,"column":71},"end":{"line":4,"column":1}},"line":2}},"branchMap":{"0":{"loc":{"start":{"line":2,"column":22},"end":{"line":4,"column":1}},"type":"binary-expr","locations":[{"start":{"line":2,"column":23},"end":{"line":2,"column":27}},{"start":{"line":2,"column":31},"end":{"line":2,"column":51}},{"start":{"line":2,"column":56},"end":{"line":4,"column":1}}],"line":2},"1":{"loc":{"start":{"line":3,"column":11},"end":{"line":3,"column":61}},"type":"cond-expr","locations":[{"start":{"line":3,"column":37},"end":{"line":3,"column":40}},{"start":{"line":3,"column":43},"end":{"line":3,"column":61}}],"line":3},"2":{"loc":{"start":{"line":3,"column":12},"end":{"line":3,"column":33}},"type":"binary-expr","locations":[{"start":{"line":3,"column":12},"end":{"line":3,"column":15}},{"start":{"line":3,"column":19},"end":{"line":3,"column":33}}],"line":3}},"s":{"0":1,"1":1,"2":1,"3":1,"4":1,"5":1,"6":1,"7":1,"8":1,"9":1,"10":1,"11":1,"12":1,"13":1},"f":{"0":1},"b":{"0":[1,1,1],"1":[1,0],"2":[1,1]},"inputSourceMap":{"version":3,"file":"/home/reinaldo/school/back-escola-prisma/src/routes/routeAlunos.ts","sources":["/home/reinaldo/school/back-escola-prisma/src/routes/routeAlunos.ts"],"names":[],"mappings":";;;;;AAAA,qCAAiC;AACjC,uFAA+D;AAC/D,kEAAwF;AAExF,MAAM,MAAM,GAAG,IAAI,0BAAgB,EAAE,CAAC;AAEtC,MAAM,UAAU,GAAG,IAAA,gBAAM,GAAE,CAAC;AAE5B,gBAAgB;AAChB,UAAU,CAAC,GAAG,CAAC,YAAY,EAAE,MAAM,CAAC,SAAS,CAAC,CAAC;AAC/C,UAAU,CAAC,GAAG,CAAC,gBAAgB,EAAE,6BAAY,EAAE,MAAM,CAAC,YAAY,CAAC,CAAA;AACnE,UAAU,CAAC,GAAG,CAAC,gBAAgB,EAAE,6BAAY,EAAE,8BAAa,EAAE,MAAM,CAAC,WAAW,CAAC,CAAA;AACjF,UAAU,CAAC,MAAM,CAAC,gBAAgB,EAAE,6BAAY,EAAE,MAAM,CAAC,WAAW,CAAC,CAAC;AACtE,UAAU,CAAC,IAAI,CAAC,YAAY,EAAE,2BAAU,EAAE,MAAM,CAAC,WAAW,CAAC,CAAC;AAI9D,kBAAe,UAAU,CAAC","sourcesContent":["import { Router } from \"express\";\nimport AlunosController from \"../controllers/AlunosController\";\nimport { errorAluno, errorIdAluno, errorAlunoPut } from \"../middlewares/validate-aluno\";\n\nconst alunos = new AlunosController();\n\nconst routeAluno = Router();\n\n// alterado aqui\nrouteAluno.get('/api/aluno', alunos.getAlunos);\nrouteAluno.get('/api/aluno/:id', errorIdAluno, alunos.getAlunoById)\nrouteAluno.put('/api/aluno/:id', errorIdAluno, errorAlunoPut, alunos.updateAluno)\nrouteAluno.delete('/api/aluno/:id', errorIdAluno, alunos.deleteAluno);\nrouteAluno.post('/api/aluno', errorAluno, alunos.createAluno);\n\n\n\nexport default routeAluno;"]},"_coverageSchema":"1a1c01bbd47fc00a2c39e90264f33305004495a9","hash":"2b2f921575c66eb682d32df524488844c50bc279","contentHash":"5e8247b1ad3b8e732b8e35bb1074523b184328f1d189d05ca7884b1345510c8b"},"/home/reinaldo/school/back-escola-prisma/src/controllers/AlunosController.ts":{"path":"/home/reinaldo/school/back-escola-prisma/src/controllers/AlunosController.ts","statementMap":{"0":{"start":{"line":2,"column":16},"end":{"line":10,"column":1}},"1":{"start":{"line":3,"column":28},"end":{"line":3,"column":110}},"2":{"start":{"line":3,"column":91},"end":{"line":3,"column":106}},"3":{"start":{"line":4,"column":4},"end":{"line":9,"column":7}},"4":{"start":{"line":5,"column":36},"end":{"line":5,"column":97}},"5":{"start":{"line":5,"column":42},"end":{"line":5,"column":70}},"6":{"start":{"line":5,"column":85},"end":{"line":5,"column":95}},"7":{"start":{"line":6,"column":35},"end":{"line":6,"column":100}},"8":{"start":{"line":6,"column":41},"end":{"line":6,"column":73}},"9":{"start":{"line":6,"column":88},"end":{"line":6,"column":98}},"10":{"start":{"line":7,"column":32},"end":{"line":7,"column":116}},"11":{"start":{"line":8,"column":8},"end":{"line":8,"column":78}},"12":{"start":{"line":11,"column":22},"end":{"line":13,"column":1}},"13":{"start":{"line":12,"column":4},"end":{"line":12,"column":62}},"14":{"start":{"line":14,"column":0},"end":{"line":14,"column":62}},"15":{"start":{"line":15,"column":17},"end":{"line":15,"column":37}},"16":{"start":{"line":16,"column":17},"end":{"line":16,"column":61}},"17":{"start":{"line":19,"column":8},"end":{"line":19,"column":29}},"18":{"start":{"line":20,"column":8},"end":{"line":28,"column":11}},"19":{"start":{"line":20,"column":41},"end":{"line":28,"column":10}},"20":{"start":{"line":21,"column":12},"end":{"line":27,"column":13}},"21":{"start":{"line":22,"column":31},"end":{"line":22,"column":70}},"22":{"start":{"line":23,"column":16},"end":{"line":23,"column":85}},"23":{"start":{"line":26,"column":16},"end":{"line":26,"column":99}},"24":{"start":{"line":29,"column":8},"end":{"line":43,"column":11}},"25":{"start":{"line":29,"column":42},"end":{"line":43,"column":10}},"26":{"start":{"line":30,"column":12},"end":{"line":42,"column":13}},"27":{"start":{"line":31,"column":31},"end":{"line":31,"column":41}},"28":{"start":{"line":32,"column":31},"end":{"line":32,"column":73}},"29":{"start":{"line":33,"column":16},"end":{"line":38,"column":17}},"30":{"start":{"line":34,"column":20},"end":{"line":34,"column":84}},"31":{"start":{"line":37,"column":20},"end":{"line":37,"column":100}},"32":{"start":{"line":41,"column":16},"end":{"line":41,"column":99}},"33":{"start":{"line":44,"column":8},"end":{"line":54,"column":11}},"34":{"start":{"line":44,"column":41},"end":{"line":54,"column":10}},"35":{"start":{"line":45,"column":12},"end":{"line":53,"column":13}},"36":{"start":{"line":46,"column":31},"end":{"line":46,"column":41}},"37":{"start":{"line":47,"column":46},"end":{"line":47,"column":54}},"38":{"start":{"line":48,"column":31},"end":{"line":48,"column":99}},"39":{"start":{"line":49,"column":16},"end":{"line":49,"column":80}},"40":{"start":{"line":52,"column":16},"end":{"line":52,"column":99}},"41":{"start":{"line":55,"column":8},"end":{"line":64,"column":11}},"42":{"start":{"line":55,"column":41},"end":{"line":64,"column":10}},"43":{"start":{"line":56,"column":12},"end":{"line":63,"column":13}},"44":{"start":{"line":57,"column":31},"end":{"line":57,"column":41}},"45":{"start":{"line":58,"column":31},"end":{"line":58,"column":72}},"46":{"start":{"line":59,"column":16},"end":{"line":59,"column":80}},"47":{"start":{"line":62,"column":16},"end":{"line":62,"column":99}},"48":{"start":{"line":65,"column":8},"end":{"line":73,"column":11}},"49":{"start":{"line":65,"column":39},"end":{"line":73,"column":10}},"50":{"start":{"line":66,"column":12},"end":{"line":72,"column":13}},"51":{"start":{"line":67,"column":31},"end":{"line":67,"column":60}},"52":{"start":{"line":68,"column":16},"end":{"line":68,"column":80}},"53":{"start":{"line":71,"column":16},"end":{"line":71,"column":99}},"54":{"start":{"line":76,"column":0},"end":{"line":76,"column":35}}},"fnMap":{"0":{"name":"(anonymous_0)","decl":{"start":{"line":2,"column":44},"end":{"line":2,"column":45}},"loc":{"start":{"line":2,"column":89},"end":{"line":10,"column":1}},"line":2},"1":{"name":"adopt","decl":{"start":{"line":3,"column":13},"end":{"line":3,"column":18}},"loc":{"start":{"line":3,"column":26},"end":{"line":3,"column":112}},"line":3},"2":{"name":"(anonymous_2)","decl":{"start":{"line":3,"column":70},"end":{"line":3,"column":71}},"loc":{"start":{"line":3,"column":89},"end":{"line":3,"column":108}},"line":3},"3":{"name":"(anonymous_3)","decl":{"start":{"line":4,"column":36},"end":{"line":4,"column":37}},"loc":{"start":{"line":4,"column":63},"end":{"line":9,"column":5}},"line":4},"4":{"name":"fulfilled","decl":{"start":{"line":5,"column":17},"end":{"line":5,"column":26}},"loc":{"start":{"line":5,"column":34},"end":{"line":5,"column":99}},"line":5},"5":{"name":"rejected","decl":{"start":{"line":6,"column":17},"end":{"line":6,"column":25}},"loc":{"start":{"line":6,"column":33},"end":{"line":6,"column":102}},"line":6},"6":{"name":"step","decl":{"start":{"line":7,"column":17},"end":{"line":7,"column":21}},"loc":{"start":{"line":7,"column":30},"end":{"line":7,"column":118}},"line":7},"7":{"name":"(anonymous_7)","decl":{"start":{"line":11,"column":56},"end":{"line":11,"column":57}},"loc":{"start":{"line":11,"column":71},"end":{"line":13,"column":1}},"line":11},"8":{"name":"(anonymous_8)","decl":{"start":{"line":18,"column":4},"end":{"line":18,"column":5}},"loc":{"start":{"line":18,"column":49},"end":{"line":74,"column":5}},"line":18},"9":{"name":"(anonymous_9)","decl":{"start":{"line":20,"column":27},"end":{"line":20,"column":28}},"loc":{"start":{"line":20,"column":41},"end":{"line":28,"column":10}},"line":20},"10":{"name":"(anonymous_10)","decl":{"start":{"line":20,"column":73},"end":{"line":20,"column":74}},"loc":{"start":{"line":20,"column":86},"end":{"line":28,"column":9}},"line":20},"11":{"name":"(anonymous_11)","decl":{"start":{"line":29,"column":28},"end":{"line":29,"column":29}},"loc":{"start":{"line":29,"column":42},"end":{"line":43,"column":10}},"line":29},"12":{"name":"(anonymous_12)","decl":{"start":{"line":29,"column":74},"end":{"line":29,"column":75}},"loc":{"start":{"line":29,"column":87},"end":{"line":43,"column":9}},"line":29},"13":{"name":"(anonymous_13)","decl":{"start":{"line":44,"column":27},"end":{"line":44,"column":28}},"loc":{"start":{"line":44,"column":41},"end":{"line":54,"column":10}},"line":44},"14":{"name":"(anonymous_14)","decl":{"start":{"line":44,"column":73},"end":{"line":44,"column":74}},"loc":{"start":{"line":44,"column":86},"end":{"line":54,"column":9}},"line":44},"15":{"name":"(anonymous_15)","decl":{"start":{"line":55,"column":27},"end":{"line":55,"column":28}},"loc":{"start":{"line":55,"column":41},"end":{"line":64,"column":10}},"line":55},"16":{"name":"(anonymous_16)","decl":{"start":{"line":55,"column":73},"end":{"line":55,"column":74}},"loc":{"start":{"line":55,"column":86},"end":{"line":64,"column":9}},"line":55},"17":{"name":"(anonymous_17)","decl":{"start":{"line":65,"column":25},"end":{"line":65,"column":26}},"loc":{"start":{"line":65,"column":39},"end":{"line":73,"column":10}},"line":65},"18":{"name":"(anonymous_18)","decl":{"start":{"line":65,"column":71},"end":{"line":65,"column":72}},"loc":{"start":{"line":65,"column":84},"end":{"line":73,"column":9}},"line":65}},"branchMap":{"0":{"loc":{"start":{"line":2,"column":16},"end":{"line":10,"column":1}},"type":"binary-expr","locations":[{"start":{"line":2,"column":17},"end":{"line":2,"column":21}},{"start":{"line":2,"column":25},"end":{"line":2,"column":39}},{"start":{"line":2,"column":44},"end":{"line":10,"column":1}}],"line":2},"1":{"loc":{"start":{"line":3,"column":35},"end":{"line":3,"column":109}},"type":"cond-expr","locations":[{"start":{"line":3,"column":56},"end":{"line":3,"column":61}},{"start":{"line":3,"column":64},"end":{"line":3,"column":109}}],"line":3},"2":{"loc":{"start":{"line":4,"column":16},"end":{"line":4,"column":34}},"type":"binary-expr","locations":[{"start":{"line":4,"column":16},"end":{"line":4,"column":17}},{"start":{"line":4,"column":22},"end":{"line":4,"column":33}}],"line":4},"3":{"loc":{"start":{"line":7,"column":32},"end":{"line":7,"column":115}},"type":"cond-expr","locations":[{"start":{"line":7,"column":46},"end":{"line":7,"column":67}},{"start":{"line":7,"column":70},"end":{"line":7,"column":115}}],"line":7},"4":{"loc":{"start":{"line":8,"column":51},"end":{"line":8,"column":67}},"type":"binary-expr","locations":[{"start":{"line":8,"column":51},"end":{"line":8,"column":61}},{"start":{"line":8,"column":65},"end":{"line":8,"column":67}}],"line":8},"5":{"loc":{"start":{"line":11,"column":22},"end":{"line":13,"column":1}},"type":"binary-expr","locations":[{"start":{"line":11,"column":23},"end":{"line":11,"column":27}},{"start":{"line":11,"column":31},"end":{"line":11,"column":51}},{"start":{"line":11,"column":56},"end":{"line":13,"column":1}}],"line":11},"6":{"loc":{"start":{"line":12,"column":11},"end":{"line":12,"column":61}},"type":"cond-expr","locations":[{"start":{"line":12,"column":37},"end":{"line":12,"column":40}},{"start":{"line":12,"column":43},"end":{"line":12,"column":61}}],"line":12},"7":{"loc":{"start":{"line":12,"column":12},"end":{"line":12,"column":33}},"type":"binary-expr","locations":[{"start":{"line":12,"column":12},"end":{"line":12,"column":15}},{"start":{"line":12,"column":19},"end":{"line":12,"column":33}}],"line":12},"8":{"loc":{"start":{"line":18,"column":16},"end":{"line":18,"column":47}},"type":"default-arg","locations":[{"start":{"line":18,"column":25},"end":{"line":18,"column":47}}],"line":18},"9":{"loc":{"start":{"line":33,"column":16},"end":{"line":38,"column":17}},"type":"if","locations":[{"start":{"line":33,"column":16},"end":{"line":38,"column":17}},{"start":{"line":33,"column":16},"end":{"line":38,"column":17}}],"line":33}},"s":{"0":1,"1":0,"2":0,"3":0,"4":0,"5":0,"6":0,"7":0,"8":0,"9":0,"10":0,"11":0,"12":1,"13":1,"14":1,"15":1,"16":1,"17":1,"18":1,"19":0,"20":0,"21":0,"22":0,"23":0,"24":1,"25":0,"26":0,"27":0,"28":0,"29":0,"30":0,"31":0,"32":0,"33":1,"34":0,"35":0,"36":0,"37":0,"38":0,"39":0,"40":0,"41":1,"42":0,"43":0,"44":0,"45":0,"46":0,"47":0,"48":1,"49":0,"50":0,"51":0,"52":0,"53":0,"54":1},"f":{"0":0,"1":0,"2":0,"3":0,"4":0,"5":0,"6":0,"7":1,"8":1,"9":0,"10":0,"11":0,"12":0,"13":0,"14":0,"15":0,"16":0,"17":0,"18":0},"b":{"0":[1,1,1],"1":[0,0],"2":[0,0],"3":[0,0],"4":[0,0],"5":[1,1,1],"6":[1,0],"7":[1,1],"8":[1],"9":[0,0]},"inputSourceMap":{"version":3,"file":"/home/reinaldo/school/back-escola-prisma/src/controllers/AlunosController.ts","sources":["/home/reinaldo/school/back-escola-prisma/src/controllers/AlunosController.ts"],"names":[],"mappings":";;;;;;;;;;;;;;AACA,sCAAmC;AACnC,8DAAsC;AAKtC,MAAM,gBAAgB;IAEpB,YAAoB,SAAS,IAAI,gBAAM,EAAE;QAArB,WAAM,GAAN,MAAM,CAAe;QAElC,gBAAW,GAAG,CAAO,GAAY,EAAE,GAAa,EAAE,EAAE;YACzD,IAAI;gBACF,MAAM,MAAM,GAAG,MAAM,IAAI,CAAC,MAAM,CAAC,WAAW,CAAC,GAAG,CAAC,IAAI,CAAC,CAAC;gBACvD,OAAO,GAAG,CAAC,MAAM,CAAC,eAAM,CAAC,OAAO,CAAC,CAAC,IAAI,CAAC,EAAE,OAAO,EAAE,MAAM,EAAE,CAAC,CAAC;aAC7D;YAAC,OAAO,KAAK,EAAE;gBACd,OAAO,GAAG,CAAC,MAAM,CAAC,eAAM,CAAC,aAAa,CAAC,CAAC,IAAI,CAAC,EAAE,KAAK,EAAE,gBAAgB,EAAE,CAAC,CAAC;aAC3E;QACH,CAAC,CAAA,CAAA;QAGM,iBAAY,GAAG,CAAO,GAAY,EAAE,GAAa,EAAE,EAAE;YAC1D,IAAI;gBACF,MAAM,EAAE,EAAE,EAAE,GAAG,GAAG,CAAC,MAAM,CAAC;gBAC1B,MAAM,MAAM,GAAG,MAAM,IAAI,CAAC,MAAM,CAAC,YAAY,CAAC,MAAM,CAAC,EAAE,CAAC,CAAC,CAAC;gBAC1D,IAAI,MAAM,EAAE;oBACV,OAAO,GAAG,CAAC,MAAM,CAAC,eAAM,CAAC,EAAE,CAAC,CAAC,IAAI,CAAC,EAAE,OAAO,EAAE,MAAM,EAAE,CAAC,CAAC;iBACxD;qBAAM;oBACL,OAAO,GAAG,CAAC,MAAM,CAAC,eAAM,CAAC,SAAS,CAAC,CAAC,IAAI,CAAC,EAAE,KAAK,EAAE,iBAAiB,EAAE,CAAC,CAAC;iBACxE;aACF;YAAC,OAAO,KAAK,EAAE;gBACd,OAAO,GAAG,CAAC,MAAM,CAAC,eAAM,CAAC,aAAa,CAAC,CAAC,IAAI,CAAC,EAAE,KAAK,EAAE,gBAAgB,EAAE,CAAC,CAAC;aAC3E;QAEH,CAAC,CAAA,CAAC;QAGK,gBAAW,GAAG,CAAO,GAAY,EAAE,GAAa,EAAE,EAAE;YACzD,IAAI;gBACF,MAAM,EAAE,EAAE,EAAE,GAAG,GAAG,CAAC,MAAM,CAAC;gBAC1B,MAAM,EAAE,IAAI,EAAE,WAAW,EAAE,GAAG,GAAG,CAAC,IAAI,CAAC;gBACvC,MAAM,MAAM,GAAG,MAAM,IAAI,CAAC,MAAM,CAAC,WAAW,CAAC,MAAM,CAAC,EAAE,CAAC,EAAE,IAAI,EAAE,MAAM,CAAC,WAAW,CAAC,CAAC,CAAC;gBACpF,OAAO,GAAG,CAAC,MAAM,CAAC,eAAM,CAAC,EAAE,CAAC,CAAC,IAAI,CAAC,EAAE,OAAO,EAAE,MAAM,EAAE,CAAC,CAAC;aACxD;YAAC,OAAO,KAAK,EAAE;gBACd,OAAO,GAAG,CAAC,MAAM,CAAC,eAAM,CAAC,aAAa,CAAC,CAAC,IAAI,CAAC,EAAE,KAAK,EAAE,gBAAgB,EAAE,CAAC,CAAC;aAC3E;QAEH,CAAC,CAAA,CAAC;QAGK,gBAAW,GAAG,CAAO,GAAY,EAAE,GAAa,EAAE,EAAE;YACzD,IAAI;gBACF,MAAM,EAAE,EAAE,EAAE,GAAG,GAAG,CAAC,MAAM,CAAC;gBAC1B,MAAM,MAAM,GAAG,MAAM,IAAI,CAAC,MAAM,CAAC,WAAW,CAAC,MAAM,CAAC,EAAE,CAAC,CAAC,CAAC;gBACzD,OAAO,GAAG,CAAC,MAAM,CAAC,eAAM,CAAC,EAAE,CAAC,CAAC,IAAI,CAAC,EAAE,OAAO,EAAE,MAAM,EAAE,CAAC,CAAC;aACxD;YAAC,OAAO,KAAK,EAAE;gBACd,OAAO,GAAG,CAAC,MAAM,CAAC,eAAM,CAAC,aAAa,CAAC,CAAC,IAAI,CAAC,EAAE,KAAK,EAAE,gBAAgB,EAAE,CAAC,CAAC;aAC3E;QAGH,CAAC,CAAA,CAAC;QAGK,cAAS,GAAG,CAAO,GAAY,EAAE,GAAa,EAAE,EAAE;YACvD,IAAI;gBACF,MAAM,MAAM,GAAG,MAAM,IAAI,CAAC,MAAM,CAAC,SAAS,EAAE,CAAC;gBAC7C,OAAO,GAAG,CAAC,MAAM,CAAC,eAAM,CAAC,EAAE,CAAC,CAAC,IAAI,CAAC,EAAE,OAAO,EAAE,MAAM,EAAE,CAAC,CAAC;aACxD;YAAC,OAAO,KAAK,EAAE;gBACd,OAAO,GAAG,CAAC,MAAM,CAAC,eAAM,CAAC,aAAa,CAAC,CAAC,IAAI,CAAC,EAAE,KAAK,EAAE,gBAAgB,EAAE,CAAC,CAAC;aAC3E;QACH,CAAC,CAAA,CAAC;IA7DyC,CAAC;CA+D7C;AAED,kBAAe,gBAAgB,CAAC","sourcesContent":["import { Response, Request } from \"express\";\nimport { Status } from \"../Status\";\nimport Alunos from \"../models/Alunos\";\nimport AlunoDto from \"../Dto/AlunoDto\";\n\n\n\nclass AlunosController implements AlunoDto {\n\n  constructor(private alunos = new Alunos()){}\n\n  public createAluno = async (req: Request, res: Response) => {\n    try {\n      const result = await this.alunos.createAluno(req.body);\n      return res.status(Status.Created).json({ message: result });\n    } catch (error) {\n      return res.status(Status.InternalError).json({ error: \"Internal error\" });\n    }\n  }\n\n\n  public getAlunoById = async (req: Request, res: Response) => {\n    try {\n      const { id } = req.params;\n      const result = await this.alunos.getAlunoById(Number(id));\n      if (result) {\n        return res.status(Status.OK).json({ message: result });\n      } else {\n        return res.status(Status.Not_Found).json({ error: \"Aluno not found\" });\n      }\n    } catch (error) {\n      return res.status(Status.InternalError).json({ error: \"Internal error\" });\n    }\n    \n  };\n\n\n  public updateAluno = async (req: Request, res: Response) => {\n    try {\n      const { id } = req.params;\n      const { nome, professorId } = req.body;\n      const result = await this.alunos.updateAluno(Number(id), nome, Number(professorId));\n      return res.status(Status.OK).json({ message: result });\n    } catch (error) {\n      return res.status(Status.InternalError).json({ error: \"Internal error\" });\n    }\n\n  };\n\n\n  public deleteAluno = async (req: Request, res: Response) => {\n    try {\n      const { id } = req.params;\n      const result = await this.alunos.deleteAluno(Number(id));\n      return res.status(Status.OK).json({ message: result });\n    } catch (error) {\n      return res.status(Status.InternalError).json({ error: \"Internal error\" });\n    }\n\n\n  };\n\n\n  public getAlunos = async (req: Request, res: Response) => {\n    try {\n      const result = await this.alunos.getAlunos();\n      return res.status(Status.OK).json({ message: result });\n    } catch (error) {\n      return res.status(Status.InternalError).json({ error: \"Internal error\" });\n    }\n  };\n\n}\n\nexport default AlunosController;"]},"_coverageSchema":"1a1c01bbd47fc00a2c39e90264f33305004495a9","hash":"e7f686dc42dbe8e18823ac96862d4246a9e4aac0","contentHash":"824378c0344212c3ff15370b36edd2f2828147be8181a4fc21ece5918d6ddded"},"/home/reinaldo/school/back-escola-prisma/src/models/Alunos.ts":{"path":"/home/reinaldo/school/back-escola-prisma/src/models/Alunos.ts","statementMap":{"0":{"start":{"line":2,"column":16},"end":{"line":10,"column":1}},"1":{"start":{"line":3,"column":28},"end":{"line":3,"column":110}},"2":{"start":{"line":3,"column":91},"end":{"line":3,"column":106}},"3":{"start":{"line":4,"column":4},"end":{"line":9,"column":7}},"4":{"start":{"line":5,"column":36},"end":{"line":5,"column":97}},"5":{"start":{"line":5,"column":42},"end":{"line":5,"column":70}},"6":{"start":{"line":5,"column":85},"end":{"line":5,"column":95}},"7":{"start":{"line":6,"column":35},"end":{"line":6,"column":100}},"8":{"start":{"line":6,"column":41},"end":{"line":6,"column":73}},"9":{"start":{"line":6,"column":88},"end":{"line":6,"column":98}},"10":{"start":{"line":7,"column":32},"end":{"line":7,"column":116}},"11":{"start":{"line":8,"column":8},"end":{"line":8,"column":78}},"12":{"start":{"line":11,"column":22},"end":{"line":13,"column":1}},"13":{"start":{"line":12,"column":4},"end":{"line":12,"column":62}},"14":{"start":{"line":14,"column":0},"end":{"line":14,"column":62}},"15":{"start":{"line":15,"column":17},"end":{"line":15,"column":67}},"16":{"start":{"line":16,"column":22},"end":{"line":16,"column":63}},"17":{"start":{"line":19,"column":8},"end":{"line":19,"column":41}},"18":{"start":{"line":20,"column":8},"end":{"line":20,"column":53}},"19":{"start":{"line":21,"column":8},"end":{"line":34,"column":11}},"20":{"start":{"line":21,"column":31},"end":{"line":34,"column":10}},"21":{"start":{"line":22,"column":27},"end":{"line":32,"column":14}},"22":{"start":{"line":33,"column":12},"end":{"line":33,"column":26}},"23":{"start":{"line":35,"column":8},"end":{"line":58,"column":11}},"24":{"start":{"line":35,"column":38},"end":{"line":58,"column":10}},"25":{"start":{"line":36,"column":36},"end":{"line":36,"column":92}},"26":{"start":{"line":37,"column":12},"end":{"line":57,"column":13}},"27":{"start":{"line":38,"column":16},"end":{"line":38,"column":43}},"28":{"start":{"line":41,"column":32},"end":{"line":55,"column":18}},"29":{"start":{"line":56,"column":16},"end":{"line":56,"column":31}},"30":{"start":{"line":59,"column":8},"end":{"line":73,"column":11}},"31":{"start":{"line":59,"column":36},"end":{"line":73,"column":10}},"32":{"start":{"line":60,"column":25},"end":{"line":71,"column":14}},"33":{"start":{"line":72,"column":12},"end":{"line":72,"column":24}},"34":{"start":{"line":74,"column":8},"end":{"line":96,"column":11}},"35":{"start":{"line":74,"column":54},"end":{"line":96,"column":10}},"36":{"start":{"line":75,"column":27},"end":{"line":75,"column":54}},"37":{"start":{"line":76,"column":12},"end":{"line":95,"column":13}},"38":{"start":{"line":77,"column":32},"end":{"line":90,"column":18}},"39":{"start":{"line":91,"column":16},"end":{"line":91,"column":31}},"40":{"start":{"line":94,"column":16},"end":{"line":94,"column":43}},"41":{"start":{"line":97,"column":8},"end":{"line":110,"column":11}},"42":{"start":{"line":97,"column":35},"end":{"line":110,"column":10}},"43":{"start":{"line":98,"column":27},"end":{"line":98,"column":54}},"44":{"start":{"line":99,"column":12},"end":{"line":109,"column":13}},"45":{"start":{"line":100,"column":16},"end":{"line":100,"column":48}},"46":{"start":{"line":103,"column":16},"end":{"line":107,"column":19}},"47":{"start":{"line":108,"column":16},"end":{"line":108,"column":56}},"48":{"start":{"line":113,"column":0},"end":{"line":113,"column":25}}},"fnMap":{"0":{"name":"(anonymous_0)","decl":{"start":{"line":2,"column":44},"end":{"line":2,"column":45}},"loc":{"start":{"line":2,"column":89},"end":{"line":10,"column":1}},"line":2},"1":{"name":"adopt","decl":{"start":{"line":3,"column":13},"end":{"line":3,"column":18}},"loc":{"start":{"line":3,"column":26},"end":{"line":3,"column":112}},"line":3},"2":{"name":"(anonymous_2)","decl":{"start":{"line":3,"column":70},"end":{"line":3,"column":71}},"loc":{"start":{"line":3,"column":89},"end":{"line":3,"column":108}},"line":3},"3":{"name":"(anonymous_3)","decl":{"start":{"line":4,"column":36},"end":{"line":4,"column":37}},"loc":{"start":{"line":4,"column":63},"end":{"line":9,"column":5}},"line":4},"4":{"name":"fulfilled","decl":{"start":{"line":5,"column":17},"end":{"line":5,"column":26}},"loc":{"start":{"line":5,"column":34},"end":{"line":5,"column":99}},"line":5},"5":{"name":"rejected","decl":{"start":{"line":6,"column":17},"end":{"line":6,"column":25}},"loc":{"start":{"line":6,"column":33},"end":{"line":6,"column":102}},"line":6},"6":{"name":"step","decl":{"start":{"line":7,"column":17},"end":{"line":7,"column":21}},"loc":{"start":{"line":7,"column":30},"end":{"line":7,"column":118}},"line":7},"7":{"name":"(anonymous_7)","decl":{"start":{"line":11,"column":56},"end":{"line":11,"column":57}},"loc":{"start":{"line":11,"column":71},"end":{"line":13,"column":1}},"line":11},"8":{"name":"(anonymous_8)","decl":{"start":{"line":18,"column":4},"end":{"line":18,"column":5}},"loc":{"start":{"line":18,"column":49},"end":{"line":111,"column":5}},"line":18},"9":{"name":"(anonymous_9)","decl":{"start":{"line":21,"column":25},"end":{"line":21,"column":26}},"loc":{"start":{"line":21,"column":31},"end":{"line":34,"column":10}},"line":21},"10":{"name":"(anonymous_10)","decl":{"start":{"line":21,"column":63},"end":{"line":21,"column":64}},"loc":{"start":{"line":21,"column":76},"end":{"line":34,"column":9}},"line":21},"11":{"name":"(anonymous_11)","decl":{"start":{"line":35,"column":27},"end":{"line":35,"column":28}},"loc":{"start":{"line":35,"column":38},"end":{"line":58,"column":10}},"line":35},"12":{"name":"(anonymous_12)","decl":{"start":{"line":35,"column":70},"end":{"line":35,"column":71}},"loc":{"start":{"line":35,"column":83},"end":{"line":58,"column":9}},"line":35},"13":{"name":"(anonymous_13)","decl":{"start":{"line":59,"column":28},"end":{"line":59,"column":29}},"loc":{"start":{"line":59,"column":36},"end":{"line":73,"column":10}},"line":59},"14":{"name":"(anonymous_14)","decl":{"start":{"line":59,"column":68},"end":{"line":59,"column":69}},"loc":{"start":{"line":59,"column":81},"end":{"line":73,"column":9}},"line":59},"15":{"name":"(anonymous_15)","decl":{"start":{"line":74,"column":27},"end":{"line":74,"column":28}},"loc":{"start":{"line":74,"column":54},"end":{"line":96,"column":10}},"line":74},"16":{"name":"(anonymous_16)","decl":{"start":{"line":74,"column":86},"end":{"line":74,"column":87}},"loc":{"start":{"line":74,"column":99},"end":{"line":96,"column":9}},"line":74},"17":{"name":"(anonymous_17)","decl":{"start":{"line":97,"column":27},"end":{"line":97,"column":28}},"loc":{"start":{"line":97,"column":35},"end":{"line":110,"column":10}},"line":97},"18":{"name":"(anonymous_18)","decl":{"start":{"line":97,"colu
[...]
n":8},"end":{"line":18,"column":41}},"17":{"start":{"line":19,"column":8},"end":{"line":30,"column":11}},"18":{"start":{"line":19,"column":32},"end":{"line":30,"column":10}},"19":{"start":{"line":20,"column":27},"end":{"line":28,"column":14}},"20":{"start":{"line":29,"column":12},"end":{"line":29,"column":26}},"21":{"start":{"line":31,"column":8},"end":{"line":46,"column":11}},"22":{"start":{"line":31,"column":46},"end":{"line":46,"column":10}},"23":{"start":{"line":32,"column":27},"end":{"line":44,"column":14}},"24":{"start":{"line":45,"column":12},"end":{"line":45,"column":26}},"25":{"start":{"line":47,"column":8},"end":{"line":59,"column":11}},"26":{"start":{"line":47,"column":38},"end":{"line":59,"column":10}},"27":{"start":{"line":48,"column":27},"end":{"line":57,"column":14}},"28":{"start":{"line":58,"column":12},"end":{"line":58,"column":26}},"29":{"start":{"line":60,"column":8},"end":{"line":82,"column":11}},"30":{"start":{"line":60,"column":50},"end":{"line":82,"column":10}},"31":{"start":{"line":61,"column":27},"end":{"line":61,"column":56}},"32":{"start":{"line":62,"column":12},"end":{"line":81,"column":13}},"33":{"start":{"line":63,"column":16},"end":{"line":63,"column":43}},"34":{"start":{"line":66,"column":31},"end":{"line":79,"column":18}},"35":{"start":{"line":80,"column":16},"end":{"line":80,"column":30}},"36":{"start":{"line":83,"column":8},"end":{"line":94,"column":11}},"37":{"start":{"line":83,"column":37},"end":{"line":94,"column":10}},"38":{"start":{"line":84,"column":27},"end":{"line":84,"column":56}},"39":{"start":{"line":85,"column":12},"end":{"line":93,"column":13}},"40":{"start":{"line":86,"column":16},"end":{"line":86,"column":43}},"41":{"start":{"line":89,"column":16},"end":{"line":91,"column":19}},"42":{"start":{"line":92,"column":16},"end":{"line":92,"column":54}},"43":{"start":{"line":97,"column":0},"end":{"line":97,"column":26}}},"fnMap":{"0":{"name":"(anonymous_0)","decl":{"start":{"line":2,"column":44},"end":{"line":2,"column":45}},"loc":{"start":{"line":2,"column":89},"end":{"line":10,"column":1}},"line":2},"1":{"name":"adopt","decl":{"start":{"line":3,"column":13},"end":{"line":3,"column":18}},"loc":{"start":{"line":3,"column":26},"end":{"line":3,"column":112}},"line":3},"2":{"name":"(anonymous_2)","decl":{"start":{"line":3,"column":70},"end":{"line":3,"column":71}},"loc":{"start":{"line":3,"column":89},"end":{"line":3,"column":108}},"line":3},"3":{"name":"(anonymous_3)","decl":{"start":{"line":4,"column":36},"end":{"line":4,"column":37}},"loc":{"start":{"line":4,"column":63},"end":{"line":9,"column":5}},"line":4},"4":{"name":"fulfilled","decl":{"start":{"line":5,"column":17},"end":{"line":5,"column":26}},"loc":{"start":{"line":5,"column":34},"end":{"line":5,"column":99}},"line":5},"5":{"name":"rejected","decl":{"start":{"line":6,"column":17},"end":{"line":6,"column":25}},"loc":{"start":{"line":6,"column":33},"end":{"line":6,"column":102}},"line":6},"6":{"name":"step","decl":{"start":{"line":7,"column":17},"end":{"line":7,"column":21}},"loc":{"start":{"line":7,"column":30},"end":{"line":7,"column":118}},"line":7},"7":{"name":"(anonymous_7)","decl":{"start":{"line":11,"column":56},"end":{"line":11,"column":57}},"loc":{"start":{"line":11,"column":71},"end":{"line":13,"column":1}},"line":11},"8":{"name":"(anonymous_8)","decl":{"start":{"line":17,"column":4},"end":{"line":17,"column":5}},"loc":{"start":{"line":17,"column":49},"end":{"line":95,"column":5}},"line":17},"9":{"name":"(anonymous_9)","decl":{"start":{"line":19,"column":26},"end":{"line":19,"column":27}},"loc":{"start":{"line":19,"column":32},"end":{"line":30,"column":10}},"line":19},"10":{"name":"(anonymous_10)","decl":{"start":{"line":19,"column":64},"end":{"line":19,"column":65}},"loc":{"start":{"line":19,"column":77},"end":{"line":30,"column":9}},"line":19},"11":{"name":"(anonymous_11)","decl":{"start":{"line":31,"column":29},"end":{"line":31,"column":30}},"loc":{"start":{"line":31,"column":46},"end":{"line":46,"column":10}},"line":31},"12":{"name":"(anonymous_12)","decl":{"start":{"line":31,"column":78},"end":{"line":31,"column":79}},"loc":{"start":{"line":31,"column":91},"end":{"line":46,"column":9}},"line":31},"13":{"name":"(anonymous_13)","decl":{"start":{"line":47,"column":30},"end":{"line":47,"column":31}},"loc":{"start":{"line":47,"column":38},"end":{"line":59,"column":10}},"line":47},"14":{"name":"(anonymous_14)","decl":{"start":{"line":47,"column":70},"end":{"line":47,"column":71}},"loc":{"start":{"line":47,"column":83},"end":{"line":59,"column":9}},"line":47},"15":{"name":"(anonymous_15)","decl":{"start":{"line":60,"column":29},"end":{"line":60,"column":30}},"loc":{"start":{"line":60,"column":50},"end":{"line":82,"column":10}},"line":60},"16":{"name":"(anonymous_16)","decl":{"start":{"line":60,"column":82},"end":{"line":60,"column":83}},"loc":{"start":{"line":60,"column":95},"end":{"line":82,"column":9}},"line":60},"17":{"name":"(anonymous_17)","decl":{"start":{"line":83,"column":29},"end":{"line":83,"column":30}},"loc":{"start":{"line":83,"column":37},"end":{"line":94,"column":10}},"line":83},"18":{"name":"(anonymous_18)","decl":{"start":{"line":83,"column":69},"end":{"line":83,"column":70}},"loc":{"start":{"line":83,"column":82},"end":{"line":94,"column":9}},"line":83}},"branchMap":{"0":{"loc":{"start":{"line":2,"column":16},"end":{"line":10,"column":1}},"type":"binary-expr","locations":[{"start":{"line":2,"column":17},"end":{"line":2,"column":21}},{"start":{"line":2,"column":25},"end":{"line":2,"column":39}},{"start":{"line":2,"column":44},"end":{"line":10,"column":1}}],"line":2},"1":{"loc":{"start":{"line":3,"column":35},"end":{"line":3,"column":109}},"type":"cond-expr","locations":[{"start":{"line":3,"column":56},"end":{"line":3,"column":61}},{"start":{"line":3,"column":64},"end":{"line":3,"column":109}}],"line":3},"2":{"loc":{"start":{"line":4,"column":16},"end":{"line":4,"column":34}},"type":"binary-expr","locations":[{"start":{"line":4,"column":16},"end":{"line":4,"column":17}},{"start":{"line":4,"column":22},"end":{"line":4,"column":33}}],"line":4},"3":{"loc":{"start":{"line":7,"column":32},"end":{"line":7,"column":115}},"type":"cond-expr","locations":[{"start":{"line":7,"column":46},"end":{"line":7,"column":67}},{"start":{"line":7,"column":70},"end":{"line":7,"column":115}}],"line":7},"4":{"loc":{"start":{"line":8,"column":51},"end":{"line":8,"column":67}},"type":"binary-expr","locations":[{"start":{"line":8,"column":51},"end":{"line":8,"column":61}},{"start":{"line":8,"column":65},"end":{"line":8,"column":67}}],"line":8},"5":{"loc":{"start":{"line":11,"column":22},"end":{"line":13,"column":1}},"type":"binary-expr","locations":[{"start":{"line":11,"column":23},"end":{"line":11,"column":27}},{"start":{"line":11,"column":31},"end":{"line":11,"column":51}},{"start":{"line":11,"column":56},"end":{"line":13,"column":1}}],"line":11},"6":{"loc":{"start":{"line":12,"column":11},"end":{"line":12,"column":61}},"type":"cond-expr","locations":[{"start":{"line":12,"column":37},"end":{"line":12,"column":40}},{"start":{"line":12,"column":43},"end":{"line":12,"column":61}}],"line":12},"7":{"loc":{"start":{"line":12,"column":12},"end":{"line":12,"column":33}},"type":"binary-expr","locations":[{"start":{"line":12,"column":12},"end":{"line":12,"column":15}},{"start":{"line":12,"column":19},"end":{"line":12,"column":33}}],"line":12},"8":{"loc":{"start":{"line":17,"column":16},"end":{"line":17,"column":47}},"type":"default-arg","locations":[{"start":{"line":17,"column":31},"end":{"line":17,"column":47}}],"line":17},"9":{"loc":{"start":{"line":62,"column":12},"end":{"line":81,"column":13}},"type":"if","locations":[{"start":{"line":62,"column":12},"end":{"line":81,"column":13}},{"start":{"line":62,"column":12},"end":{"line":81,"column":13}}],"line":62},"10":{"loc":{"start":{"line":85,"column":12},"end":{"line":93,"column":13}},"type":"if","locations":[{"start":{"line":85,"column":12},"end":{"line":93,"column":13}},{"start":{"line":85,"column":12},"end":{"line":93,"column":13}}],"line":85}},"s":{"0":1,"1":0,"2":0,"3":0,"4":0,"5":0,"6":0,"7":0,"8":0,"9":0,"10":0,"11":0,"12":1,"13":1,"14":1,"15":1,"16":1,"17":1,"18":0,"19":0,"20":0,"21":1,"22":0,"23":0,"24":0,"25":1,"26":0,"27":0,"28":0,"29":1,"30":0,"31":0,"32":0,"33":0,"34":0,"35":0,"36":1,"37":0,"38":0,"39":0,"40":0,"41":0,"42":0,"43":1},"f":{"0":0,"1":0,"2":0,"3":0,"4":0,"5":0,"6":0,"7":1,"8":1,"9":0,"10":0,"11":0,"12":0,"13":0,"14":0,"15":0,"16":0,"17":0,"18":0},"b":{"0":[1,1,1],"1":[0,0],"2":[0,0],"3":[0,0],"4":[0,0],"5":[1,1,1],"6":[1,0],"7":[1,1],"8":[1],"9":[0,0],"10":[0,0]},"inputSourceMap":{"version":3,"file":"/home/reinaldo/school/back-escola-prisma/src/models/Diretor.ts","sources":["/home/reinaldo/school/back-escola-prisma/src/models/Diretor.ts"],"names":[],"mappings":";;;;;;;;;;;;;;AAAA,oEAA4C;AAG5C,MAAM,OAAO;IAEX,YAAoB,eAAe,gBAAM;QAArB,iBAAY,GAAZ,YAAY,CAAS;QAElC,eAAU,GAAG,GAA4B,EAAE;YAChD,MAAM,MAAM,GAAG,MAAM,IAAI,CAAC,YAAY,CAAC,OAAO,CAAC,QAAQ,CAAC;gBACtD,MAAM,EAAE;oBACN,EAAE,EAAE,IAAI;oBACR,IAAI,EAAE,IAAI;oBACV,SAAS,EAAE,IAAI;oBACf,IAAI,EAAE,IAAI;oBACV,KAAK,EAAE,IAAI;iBACZ;aACF,CAAC,CAAC;YACH,OAAO,MAA6B,CAAC;QACvC,CAAC,CAAA,CAAA;QAEM,kBAAa,GAAG,CAAO,IAAY,EAAE,KAAa,EAAqB,EAAE;YAC9E,MAAM,MAAM,GAAG,MAAM,IAAI,CAAC,YAAY,CAAC,OAAO,CAAC,MAAM,CAAC;gBACpD,IAAI,EAAE;oBACJ,IAAI,EAAE,IAAI;oBACV,KAAK,EAAE,KAAK;iBACb;gBACD,MAAM,EAAE;oBACN,EAAE,EAAE,IAAI;oBACR,IAAI,EAAE,IAAI;oBACV,SAAS,EAAE,IAAI;oBACf,IAAI,EAAE,IAAI;oBACV,KAAK,EAAE,IAAI;iBACZ;aACF,CAAC,CAAC;YAEH,OAAO,MAA6B,CAAC;QACvC,CAAC,CAAA,CAAC;QAEK,mBAAc,GAAG,CAAO,EAAU,EAAuB,EAAE;YAEhE,MAAM,MAAM,GAAG,MAAM,IAAI,CAAC,YAAY,CAAC,OAAO,CAAC,UAAU,CAAC;gBACxD,KAAK,EAAE,EAAE,EAAE,EAAE,EAAE,EAAE;gBACjB,MAAM,EAAE;oBACN,EAAE,EAAE,IAAI;oBACR,IAAI,EAAE,IAAI;oBACV,SAAS,EAAE,IAAI;oBACf,IAAI,EAAE,IAAI;oBACV,KAAK,EAAE,IAAI;iBACZ;aACF,CAAC,CAAA;YAEF,OAAO,MAA+B,CAAC;QACzC,CAAC,CAAA,CAAC;QAEK,kBAAa,GAAG,CAAO,EAAU,EAAE,IAAY,EAAE,KAAa,EAA8B,EAAE;YACnG,MAAM,MAAM,GAAG,MAAM,IAAI,CAAC,cAAc,CAAC,EAAE,CAAC,CAAC;YAC7C,IAAI,CAAC,MAAM,EAAE;gBACX,OAAO,mBAAmB,CAAA;aAC3B;iBAAM;gBACL,MAAM,MAAM,GAAG,MAAM,IAAI,CAAC,YAAY,CAAC,OAAO,CAAC,MAAM,CAAC;oBACpD,KAAK,EAAE,EAAE,EAAE,EAAE,EAAE,EAAE;oBACjB,IAAI,EAAE;wBACJ,IAAI,EAAE,IAAI;wBACV,KAAK,EAAE,KAAK;qBACb;oBACD,MAAM,EAAE;wBACN,EAAE,EAAE,IAAI;wBACR,IAAI,EAAE,IAAI;wBACV,SAAS,EAAE,IAAI;wBACf,IAAI,EAAE,IAAI;wBACV,KAAK,EAAE,IAAI;qBACZ;iBACF,CAAC,CAAC;gBAEH,OAAO,MAA6B,CAAC;aACtC;QACH,CAAC,CAAA,CAAC;QAEK,kBAAa,GAAG,CAAO,EAAU,EAAmB,EAAE;YAC3D,MAAM,MAAM,GAAG,MAAM,IAAI,CAAC,cAAc,CAAC,EAAE,CAAC,CAAC;YAC7C,IAAI,CAAC,MAAM,EAAE;gBACX,OAAO,mBAAmB,CAAA;aAC3B;iBAAM;gBACL,MAAM,IAAI,CAAC,YAAY,CAAC,OAAO,CAAC,MAAM,CAAC;oBACrC,KAAK,EAAE,EAAE,EAAE,EAAE,EAAE,EAAE;iBAClB,CAAC,CAAA;gBAEF,OAAO,8BAA8B,CAAA;aACtC;QACH,CAAC,CAAA,CAAA;IApF4C,CAAC;CAsF/C;AAED,kBAAe,OAAO,CAAC","sourcesContent":["import prisma from '../PrismaClient/Prisma';\nimport { IDiretor } from '../Types/types';\n\nclass Diretor {\n\n  constructor(private prismaClient = prisma) { }\n\n  public getDiretor = async (): Promise<IDiretor> => {\n    const result = await this.prismaClient.diretor.findMany({\n      select: {\n        id: true,\n        role: true,\n        createdAt: true,\n        nome: true,\n        email: true\n      }\n    });\n    return result as unknown as IDiretor;\n  }\n\n  public createDiretor = async (nome: string, email: string): Promise<IDiretor> => {\n    const result = await this.prismaClient.diretor.create({\n      data: {\n        nome: nome,\n        email: email,\n      },\n      select: {\n        id: true,\n        role: true,\n        createdAt: true,\n        nome: true,\n        email: true\n      }\n    });\n\n    return result as unknown as IDiretor;\n  };\n\n  public getDiretorById = async (id: number): Promise<IDiretor[]> => {\n\n    const result = await this.prismaClient.diretor.findUnique({\n      where: { id: id },\n      select: {\n        id: true,\n        role: true,\n        createdAt: true,\n        nome: true,\n        email: true\n      }\n    })\n\n    return result as unknown as IDiretor[];\n  };\n\n  public updateDiretor = async (id: number, nome: string, email: string): Promise<IDiretor | string> => {\n    const verify = await this.getDiretorById(id);\n    if (!verify) {\n      return \"Diretor not found\"\n    } else {\n      const result = await this.prismaClient.diretor.update({\n        where: { id: id },\n        data: {\n          nome: nome,\n          email: email\n        },\n        select: {\n          id: true,\n          role: true,\n          createdAt: true,\n          nome: true,\n          email: true\n        }\n      });\n\n      return result as unknown as IDiretor;\n    }\n  };\n\n  public deleteDiretor = async (id: number): Promise<string> => {\n    const verify = await this.getDiretorById(id);\n    if (!verify) {\n      return \"Diretor not found\"\n    } else {\n      await this.prismaClient.diretor.delete({\n        where: { id: id },\n      })\n\n      return \"Diretor deleted successfully\"\n    }\n  }\n\n}\n\nexport default Diretor;"]},"_coverageSchema":"1a1c01bbd47fc00a2c39e90264f33305004495a9","hash":"6911774fb665a826798550c38619fcfd4e8791f0","contentHash":"5ea17562d9a7691729d9f6d50a4a2c5e41c62160855e1d6e435746079b4a4447"},"/home/reinaldo/school/back-escola-prisma/src/middlewares/validate-diretor.ts":{"path":"/home/reinaldo/school/back-escola-prisma/src/middlewares/validate-diretor.ts","statementMap":{"0":{"start":{"line":2,"column":0},"end":{"line":2,"column":62}},"1":{"start":{"line":3,"column":0},"end":{"line":3,"column":81}},"2":{"start":{"line":4,"column":17},"end":{"line":4,"column":37}},"3":{"start":{"line":5,"column":23},"end":{"line":16,"column":1}},"4":{"start":{"line":6,"column":19},"end":{"line":6,"column":29}},"5":{"start":{"line":7,"column":4},"end":{"line":15,"column":5}},"6":{"start":{"line":8,"column":8},"end":{"line":8,"column":92}},"7":{"start":{"line":10,"column":9},"end":{"line":15,"column":5}},"8":{"start":{"line":11,"column":8},"end":{"line":11,"column":89}},"9":{"start":{"line":14,"column":8},"end":{"line":14,"column":15}},"10":{"start":{"line":17,"column":0},"end":{"line":17,"column":40}},"11":{"start":{"line":18,"column":21},"end":{"line":26,"column":1}},"12":{"start":{"line":19,"column":28},"end":{"line":19,"column":36}},"13":{"start":{"line":20,"column":4},"end":{"line":25,"column":5}},"14":{"start":{"line":21,"column":8},"end":{"line":21,"column":92}},"15":{"start":{"line":24,"column":8},"end":{"line":24,"column":15}},"16":{"start":{"line":27,"column":0},"end":{"line":27,"column":36}},"17":{"start":{"line":28,"column":24},"end":{"line":36,"column":1}},"18":{"start":{"line":29,"column":21},"end":{"line":29,"column":29}},"19":{"start":{"line":30,"column":4},"end":{"line":35,"column":5}},"20":{"start":{"line":31,"column":8},"end":{"line":31,"column":92}},"21":{"start":{"line":34,"column":8},"end":{"line":34,"column":15}},"22":{"start":{"line":37,"column":0},"end":{"line":37,"column":42}}},"fnMap":{"0":{"name":"(anonymous_0)","decl":{"start":{"line":5,"column":23},"end":{"line":5,"column":24}},"loc":{"start":{"line":5,"column":43},"end":{"line":16,"column":1}},"line":5},"1":{"name":"(anonymous_1)","decl":{"start":{"line":18,"column":21},"end":{"line":18,"column":22}},"loc":{"start":{"line":18,"column":41},"end":{"line":26,"column":1}},"line":18},"2":{"name":"(anonymous_2)","decl":{"start":{"line":28,"column":24},"end":{"line":28,"column":25}},"loc":{"start":{"line":28,"column":44},"end":{"line":36,"column":1}},"line":28}},"branchMap":{"0":{"loc":{"start":{"line":7,"column":4},"end":{"line":15,"column":5}},"type":"if","locations":[{"start":{"line":7,"column":4},"end":{"line":15,"column":5}},{"start":{"line":7,"column":4},"end":{"line":15,"column":5}}],"line":7},"1":{"loc":{"start":{"line":10,"column":9},"end":{"line":15,"column":5}},"type":"if","locations":[{"start":{"line":10,"column":9},"end":{"line":15,"column":5}},{"start":{"line":10,"column":9},"end":{"line":15,"column":5}}],"line":10},"2":{"loc":{"start":{"line":20,"column":4},"end":{"line":25,"column":5}},"type":"if","locations":[{"start":{"line":20,"column":4},"end":{"line":25,"column":5}},{"start":{"line":20,"column":4},"end":{"line":25,"column":5}}],"line":20},"3":{"loc":{"start":{"line":20,"column":8},"end":{"line":20,"column":66}},"type":"binary-expr","locations":[{"start":{"line":20,"column":8},"end":{"line":20,"column":13}},{"start":{"line":20,"column":17},"end":{"line":20,"column":23}},{"start":{"line":20,"column":27},"end":{"line":20,"column":44}},{"start":{"line":20,"column":48},"end":{"line":20,"column":66}}],"line":20},"4":{"loc":{"start":{"line":30,"column":4},"end":{"line":35,"column":5}},"type":"if","locations":[{"start":{"line":30,"column":4},"end":{"line":35,"column":5}},{"start":{"line":30,"column":4},"end":{"line":35,"column":5}}],"line":30},"5":{"loc":{"start":{"line":30,"column":8},"end":{"line":30,"column":34}},"type":"binary-expr","locations":[{"start":{"line":30,"column":8},"end":{"line":30,"column":13}},{"start":{"line":30,"column":17},"end":{"line":30,"column":34}}],"line":30}},"s":{"0":1,"1":1,"2":1,"3":1,"4":0,"5":0,"6":0,"7":0,"8":0,"9":0,"10":1,"11":1,"12":0,"13":0,"14":0,"15":0,"16":1,"17":1,"18":0,"19":0,"20":0,"21":0,"22":1},"f":{"0":0,"1":0,"2":0},"b":{"0":[0,0],"1":[0,0],"2":[0,0],"3":[0,0,0,0],"4":[0,0],"5":[0,0]},"inputSourceMap":{"version":3,"file":"/home/reinaldo/school/back-escola-prisma/src/middlewares/validate-diretor.ts","sources":["/home/reinaldo/school/back-escola-prisma/src/middlewares/validate-diretor.ts"],"names":[],"mappings":";;;AACA,sCAAmC;AAE5B,MAAM,cAAc,GAAG,CAAC,GAAY,EAAE,GAAa,EAAE,IAAkB,EAAE,EAAE;IAChF,MAAM,EAAE,EAAE,EAAE,GAAG,GAAG,CAAC,MAAM,CAAC;IAC1B,IAAI,CAAC,EAAE,EAAE;QACP,OAAO,GAAG,CAAC,MAAM,CAAC,eAAM,CAAC,UAAU,CAAC,CAAC,IAAI,CAAC,EAAE,KAAK,EAAE,oBAAoB,EAAE,CAAC,CAAC;KAC5E;SAAM,IAAI,KAAK,CAAC,MAAM,CAAC,EAAE,CAAC,CAAC,EAAE;QAC5B,OAAO,GAAG,CAAC,MAAM,CAAC,eAAM,CAAC,UAAU,CAAC,CAAC,IAAI,CAAC,EAAE,KAAK,EAAE,iBAAiB,EAAE,CAAC,CAAC;KACzE;SAAM;QACL,IAAI,EAAE,CAAA;KACP;AACH,CAAC,CAAA;AATY,QAAA,cAAc,kBAS1B;AAEM,MAAM,YAAY,GAAG,CAAC,GAAY,EAAE,GAAa,EAAE,IAAkB,EAAE,EAAE;IAC9E,MAAM,EAAE,IAAI,EAAE,KAAK,EAAE,GAAG,GAAG,CAAC,IAAI,CAAC;IACjC,IAAI,CAAC,IAAI,IAAI,CAAC,KAAK,IAAI,IAAI,CAAC,MAAM,KAAK,CAAC,IAAI,KAAK,CAAC,MAAM,KAAK,CAAC,EAAE;QAC9D,OAAO,GAAG,CAAC,MAAM,CAAC,eAAM,CAAC,UAAU,CAAC,CAAC,IAAI,CAAC,EAAE,KAAK,EAAE,oBAAoB,EAAE,CAAC,CAAC;KAC5E;SAAM;QACL,IAAI,EAAE,CAAA;KACP;AACH,CAAC,CAAA;AAPY,QAAA,YAAY,gBAOxB;AAEM,MAAM,eAAe,GAAG,CAAC,GAAY,EAAE,GAAa,EAAE,IAAkB,EAAE,EAAE;IACjF,MAAM,EAAE,IAAI,EAAE,GAAG,GAAG,CAAC,IAAI,CAAC;IAC1B,IAAI,CAAC,IAAI,IAAI,IAAI,CAAC,MAAM,KAAK,CAAC,EAAE;QAC9B,OAAO,GAAG,CAAC,MAAM,CAAC,eAAM,CAAC,UAAU,CAAC,CAAC,IAAI,CAAC,EAAE,KAAK,EAAE,oBAAoB,EAAE,CAAC,CAAC;KAC5E;SAAM;QACL,IAAI,EAAE,CAAA;KACP;AACH,CAAC,CAAA;AAPY,QAAA,eAAe,mBAO3B","sourcesContent":["import { Request, Response, NextFunction } from \"express\";\nimport { Status } from '../Status';\n\nexport const errorIdDiretor = (req: Request, res: Response, next: NextFunction) => {\n  const { id } = req.params;\n  if (!id) {\n    return res.status(Status.BedRequest).json({ error: \"Invalid parameters\" });\n  } else if (isNaN(Number(id))) {\n    return res.status(Status.BedRequest).json({ error: \"Invalid id type\" });\n  } else {\n    next()\n  }\n}\n\nexport const errorDiretor = (req: Request, res: Response, next: NextFunction) => {\n  const { nome, email } = req.body;\n  if (!nome || !email || nome.length === 0 || email.length === 0) {\n    return res.status(Status.BedRequest).json({ error: \"Invalid parameters\" });\n  } else {\n    next()\n  }\n}\n\nexport const errorPutDiretor = (req: Request, res: Response, next: NextFunction) => {\n  const { nome } = req.body;\n  if (!nome || nome.length === 0) {\n    return res.status(Status.BedRequest).json({ error: \"Invalid parameters\" });\n  } else {\n    next()\n  }\n}"]},"_coverageSchema":"1a1c01bbd47fc00a2c39e90264f33305004495a9","hash":"729cb0fffb109c0f9685a596c565409780be9ef2","contentHash":"99b6d57e8f3b467d45a56fcfcebe8ff985b548ef864092579071d8fc4f5d0b88"}}